{"C:/Users/Gabriel-Nitro/Documents/Capacitajun/trilha-eletronjun/src/components/AllNotesPanel.tsx": {"path":"C:/Users/Gabriel-Nitro/Documents/Capacitajun/trilha-eletronjun/src/components/AllNotesPanel.tsx","statementMap":{"0":{"start":{"line":31,"column":29},"end":{"line":216,"column":2}},"1":{"start":{"line":32,"column":28},"end":{"line":32,"column":null}},"2":{"start":{"line":33,"column":36},"end":{"line":33,"column":null}},"3":{"start":{"line":34,"column":44},"end":{"line":34,"column":null}},"4":{"start":{"line":36,"column":2},"end":{"line":38,"column":null}},"5":{"start":{"line":37,"column":4},"end":{"line":37,"column":null}},"6":{"start":{"line":40,"column":20},"end":{"line":90,"column":null}},"7":{"start":{"line":41,"column":4},"end":{"line":41,"column":null}},"8":{"start":{"line":42,"column":4},"end":{"line":89,"column":null}},"9":{"start":{"line":43,"column":41},"end":{"line":53,"column":null}},"10":{"start":{"line":55,"column":6},"end":{"line":59,"column":null}},"11":{"start":{"line":56,"column":8},"end":{"line":56,"column":null}},"12":{"start":{"line":57,"column":8},"end":{"line":57,"column":null}},"13":{"start":{"line":58,"column":8},"end":{"line":58,"column":null}},"14":{"start":{"line":61,"column":31},"end":{"line":81,"column":null}},"15":{"start":{"line":63,"column":39},"end":{"line":70,"column":null}},"16":{"start":{"line":72,"column":10},"end":{"line":80,"column":null}},"17":{"start":{"line":84,"column":6},"end":{"line":84,"column":null}},"18":{"start":{"line":86,"column":6},"end":{"line":86,"column":null}},"19":{"start":{"line":88,"column":6},"end":{"line":88,"column":null}},"20":{"start":{"line":92,"column":23},"end":{"line":100,"column":null}},"21":{"start":{"line":93,"column":24},"end":{"line":93,"column":null}},"22":{"start":{"line":94,"column":4},"end":{"line":98,"column":null}},"23":{"start":{"line":95,"column":6},"end":{"line":95,"column":null}},"24":{"start":{"line":97,"column":6},"end":{"line":97,"column":null}},"25":{"start":{"line":99,"column":4},"end":{"line":99,"column":null}},"26":{"start":{"line":102,"column":21},"end":{"line":108,"column":null}},"27":{"start":{"line":103,"column":4},"end":{"line":107,"column":null}},"28":{"start":{"line":104,"column":6},"end":{"line":104,"column":null}},"29":{"start":{"line":106,"column":6},"end":{"line":106,"column":null}},"30":{"start":{"line":110,"column":2},"end":{"line":210,"column":null}},"31":{"start":{"line":132,"column":14},"end":{"line":132,"column":null}},"32":{"start":{"line":160,"column":33},"end":{"line":160,"column":null}},"33":{"start":{"line":161,"column":34},"end":{"line":163,"column":30}},"34":{"start":{"line":165,"column":14},"end":{"line":167,"column":null}},"35":{"start":{"line":169,"column":33},"end":{"line":169,"column":null}},"36":{"start":{"line":188,"column":26},"end":{"line":188,"column":null}},"37":{"start":{"line":189,"column":26},"end":{"line":189,"column":null}}},"fnMap":{"0":{"name":"(anonymous_0)","decl":{"start":{"line":31,"column":29},"end":{"line":31,"column":30}},"loc":{"start":{"line":31,"column":69},"end":{"line":216,"column":2}}},"1":{"name":"(anonymous_1)","decl":{"start":{"line":36,"column":12},"end":{"line":36,"column":null}},"loc":{"start":{"line":36,"column":12},"end":{"line":38,"column":5}}},"2":{"name":"(anonymous_2)","decl":{"start":{"line":40,"column":20},"end":{"line":40,"column":null}},"loc":{"start":{"line":40,"column":20},"end":{"line":90,"column":null}}},"3":{"name":"(anonymous_3)","decl":{"start":{"line":62,"column":30},"end":{"line":62,"column":37}},"loc":{"start":{"line":62,"column":37},"end":{"line":81,"column":null}}},"4":{"name":"(anonymous_4)","decl":{"start":{"line":92,"column":23},"end":{"line":92,"column":24}},"loc":{"start":{"line":92,"column":24},"end":{"line":100,"column":null}}},"5":{"name":"(anonymous_5)","decl":{"start":{"line":102,"column":21},"end":{"line":102,"column":22}},"loc":{"start":{"line":102,"column":22},"end":{"line":108,"column":null}}},"6":{"name":"(anonymous_6)","decl":{"start":{"line":131,"column":31},"end":{"line":131,"column":32}},"loc":{"start":{"line":132,"column":14},"end":{"line":132,"column":null}}},"7":{"name":"(anonymous_7)","decl":{"start":{"line":159,"column":23},"end":{"line":159,"column":24}},"loc":{"start":{"line":159,"column":24},"end":{"line":210,"column":null}}},"8":{"name":"(anonymous_8)","decl":{"start":{"line":169,"column":27},"end":{"line":169,"column":33}},"loc":{"start":{"line":169,"column":33},"end":{"line":169,"column":null}}},"9":{"name":"(anonymous_9)","decl":{"start":{"line":187,"column":33},"end":{"line":187,"column":34}},"loc":{"start":{"line":187,"column":34},"end":{"line":190,"column":null}}}},"branchMap":{"0":{"loc":{"start":{"line":55,"column":6},"end":{"line":59,"column":null}},"type":"if","locations":[{"start":{"line":55,"column":6},"end":{"line":59,"column":null}},{"start":{},"end":{}}]},"1":{"loc":{"start":{"line":62,"column":9},"end":{"line":62,"column":24}},"type":"binary-expr","locations":[{"start":{"line":62,"column":9},"end":{"line":62,"column":22}},{"start":{"line":62,"column":22},"end":{"line":62,"column":24}}]},"2":{"loc":{"start":{"line":74,"column":20},"end":{"line":79,"column":null}},"type":"cond-expr","locations":[{"start":{"line":74,"column":33},"end":{"line":79,"column":16}},{"start":{"line":79,"column":16},"end":{"line":79,"column":null}}]},"3":{"loc":{"start":{"line":76,"column":24},"end":{"line":78,"column":null}},"type":"cond-expr","locations":[{"start":{"line":76,"column":48},"end":{"line":78,"column":18}},{"start":{"line":78,"column":18},"end":{"line":78,"column":null}}]},"4":{"loc":{"start":{"line":94,"column":4},"end":{"line":98,"column":null}},"type":"if","locations":[{"start":{"line":94,"column":4},"end":{"line":98,"column":null}},{"start":{"line":96,"column":11},"end":{"line":98,"column":null}}]},"5":{"loc":{"start":{"line":129,"column":9},"end":{"line":210,"column":null}},"type":"cond-expr","locations":[{"start":{"line":130,"column":10},"end":{"line":143,"column":18}},{"start":{"line":143,"column":12},"end":{"line":210,"column":null}}]},"6":{"loc":{"start":{"line":143,"column":12},"end":{"line":210,"column":null}},"type":"cond-expr","locations":[{"start":{"line":144,"column":10},"end":{"line":154,"column":11}},{"start":{"line":154,"column":10},"end":{"line":210,"column":null}}]},"7":{"loc":{"start":{"line":156,"column":38},"end":{"line":156,"column":70}},"type":"cond-expr","locations":[{"start":{"line":156,"column":59},"end":{"line":156,"column":67}},{"start":{"line":156,"column":67},"end":{"line":156,"column":70}}]},"8":{"loc":{"start":{"line":156,"column":82},"end":{"line":156,"column":null}},"type":"cond-expr","locations":[{"start":{"line":156,"column":103},"end":{"line":156,"column":109}},{"start":{"line":156,"column":109},"end":{"line":156,"column":null}}]},"9":{"loc":{"start":{"line":161,"column":34},"end":{"line":163,"column":30}},"type":"cond-expr","locations":[{"start":{"line":162,"column":18},"end":{"line":162,"column":null}},{"start":{"line":163,"column":18},"end":{"line":163,"column":30}}]},"10":{"loc":{"start":{"line":175,"column":27},"end":{"line":175,"column":null}},"type":"binary-expr","locations":[{"start":{"line":175,"column":27},"end":{"line":175,"column":49}},{"start":{"line":175,"column":49},"end":{"line":175,"column":null}}]},"11":{"loc":{"start":{"line":177,"column":25},"end":{"line":179,"column":null}},"type":"binary-expr","locations":[{"start":{"line":177,"column":25},"end":{"line":177,"column":null}},{"start":{"line":178,"column":26},"end":{"line":179,"column":null}}]},"12":{"loc":{"start":{"line":192,"column":25},"end":{"line":195,"column":null}},"type":"cond-expr","locations":[{"start":{"line":193,"column":26},"end":{"line":195,"column":27}},{"start":{"line":195,"column":26},"end":{"line":195,"column":null}}]},"13":{"loc":{"start":{"line":202,"column":23},"end":{"line":202,"column":null}},"type":"cond-expr","locations":[{"start":{"line":202,"column":36},"end":{"line":202,"column":48}},{"start":{"line":202,"column":51},"end":{"line":202,"column":null}}]}},"s":{"0":0,"1":0,"2":0,"3":0,"4":0,"5":0,"6":0,"7":0,"8":0,"9":0,"10":0,"11":0,"12":0,"13":0,"14":0,"15":0,"16":0,"17":0,"18":0,"19":0,"20":0,"21":0,"22":0,"23":0,"24":0,"25":0,"26":0,"27":0,"28":0,"29":0,"30":0,"31":0,"32":0,"33":0,"34":0,"35":0,"36":0,"37":0},"f":{"0":0,"1":0,"2":0,"3":0,"4":0,"5":0,"6":0,"7":0,"8":0,"9":0},"b":{"0":[0,0],"1":[0,0],"2":[0,0],"3":[0,0],"4":[0,0],"5":[0,0],"6":[0,0],"7":[0,0],"8":[0,0],"9":[0,0],"10":[0,0],"11":[0,0],"12":[0,0],"13":[0,0]}}
,"C:/Users/Gabriel-Nitro/Documents/Capacitajun/trilha-eletronjun/src/components/CategorySelector.tsx": {"path":"C:/Users/Gabriel-Nitro/Documents/Capacitajun/trilha-eletronjun/src/components/CategorySelector.tsx","statementMap":{"0":{"start":{"line":18,"column":55},"end":{"line":25,"column":null}},"1":{"start":{"line":27,"column":47},"end":{"line":34,"column":null}},"2":{"start":{"line":42,"column":32},"end":{"line":95,"column":2}},"3":{"start":{"line":43,"column":19},"end":{"line":43,"column":89}},"4":{"start":{"line":43,"column":42},"end":{"line":43,"column":76}},"5":{"start":{"line":45,"column":2},"end":{"line":58,"column":null}},"6":{"start":{"line":46,"column":4},"end":{"line":54,"column":null}},"7":{"start":{"line":60,"column":2},"end":{"line":82,"column":null}},"8":{"start":{"line":81,"column":10},"end":{"line":82,"column":null}},"9":{"start":{"line":83,"column":27},"end":{"line":83,"column":null}}},"fnMap":{"0":{"name":"(anonymous_0)","decl":{"start":{"line":42,"column":32},"end":{"line":42,"column":33}},"loc":{"start":{"line":42,"column":106},"end":{"line":95,"column":2}}},"1":{"name":"(anonymous_1)","decl":{"start":{"line":43,"column":35},"end":{"line":43,"column":42}},"loc":{"start":{"line":43,"column":42},"end":{"line":43,"column":76}}},"2":{"name":"(anonymous_2)","decl":{"start":{"line":80,"column":24},"end":{"line":80,"column":25}},"loc":{"start":{"line":81,"column":10},"end":{"line":82,"column":null}}},"3":{"name":"(anonymous_3)","decl":{"start":{"line":83,"column":21},"end":{"line":83,"column":27}},"loc":{"start":{"line":83,"column":27},"end":{"line":83,"column":null}}}},"branchMap":{"0":{"loc":{"start":{"line":43,"column":19},"end":{"line":43,"column":89}},"type":"binary-expr","locations":[{"start":{"line":43,"column":19},"end":{"line":43,"column":76}},{"start":{"line":43,"column":76},"end":{"line":43,"column":89}}]},"1":{"loc":{"start":{"line":45,"column":2},"end":{"line":58,"column":null}},"type":"if","locations":[{"start":{"line":45,"column":2},"end":{"line":58,"column":null}},{"start":{},"end":{}}]},"2":{"loc":{"start":{"line":68,"column":29},"end":{"line":68,"column":null}},"type":"binary-expr","locations":[{"start":{"line":68,"column":29},"end":{"line":68,"column":58}},{"start":{"line":68,"column":62},"end":{"line":68,"column":null}}]},"3":{"loc":{"start":{"line":69,"column":15},"end":{"line":69,"column":null}},"type":"binary-expr","locations":[{"start":{"line":69,"column":15},"end":{"line":69,"column":43}},{"start":{"line":69,"column":47},"end":{"line":69,"column":null}}]},"4":{"loc":{"start":{"line":86,"column":29},"end":{"line":86,"column":null}},"type":"binary-expr","locations":[{"start":{"line":86,"column":29},"end":{"line":86,"column":58}},{"start":{"line":86,"column":62},"end":{"line":86,"column":null}}]},"5":{"loc":{"start":{"line":87,"column":15},"end":{"line":87,"column":null}},"type":"binary-expr","locations":[{"start":{"line":87,"column":15},"end":{"line":87,"column":43}},{"start":{"line":87,"column":47},"end":{"line":87,"column":null}}]}},"s":{"0":1,"1":1,"2":1,"3":5,"4":6,"5":5,"6":1,"7":4,"8":12,"9":1},"f":{"0":5,"1":6,"2":12,"3":1},"b":{"0":[5,2],"1":[1,4],"2":[4,0],"3":[4,0],"4":[12,0],"5":[12,0]}}
,"C:/Users/Gabriel-Nitro/Documents/Capacitajun/trilha-eletronjun/src/components/FallingText.tsx": {"path":"C:/Users/Gabriel-Nitro/Documents/Capacitajun/trilha-eletronjun/src/components/FallingText.tsx","statementMap":{"0":{"start":{"line":18,"column":20},"end":{"line":217,"column":null}},"1":{"start":{"line":30,"column":23},"end":{"line":30,"column":null}},"2":{"start":{"line":31,"column":18},"end":{"line":31,"column":null}},"3":{"start":{"line":32,"column":29},"end":{"line":32,"column":null}},"4":{"start":{"line":34,"column":44},"end":{"line":34,"column":null}},"5":{"start":{"line":36,"column":2},"end":{"line":63,"column":null}},"6":{"start":{"line":37,"column":4},"end":{"line":37,"column":null}},"7":{"start":{"line":37,"column":26},"end":{"line":37,"column":null}},"8":{"start":{"line":39,"column":18},"end":{"line":39,"column":null}},"9":{"start":{"line":40,"column":21},"end":{"line":40,"column":null}},"10":{"start":{"line":42,"column":4},"end":{"line":59,"column":null}},"11":{"start":{"line":43,"column":19},"end":{"line":43,"column":null}},"12":{"start":{"line":44,"column":6},"end":{"line":44,"column":null}},"13":{"start":{"line":46,"column":6},"end":{"line":51,"column":null}},"14":{"start":{"line":46,"column":36},"end":{"line":46,"column":58}},"15":{"start":{"line":47,"column":26},"end":{"line":47,"column":null}},"16":{"start":{"line":48,"column":8},"end":{"line":50,"column":null}},"17":{"start":{"line":49,"column":10},"end":{"line":49,"column":null}},"18":{"start":{"line":53,"column":6},"end":{"line":53,"column":null}},"19":{"start":{"line":54,"column":6},"end":{"line":54,"column":null}},"20":{"start":{"line":56,"column":6},"end":{"line":58,"column":null}},"21":{"start":{"line":57,"column":8},"end":{"line":57,"column":null}},"22":{"start":{"line":61,"column":4},"end":{"line":61,"column":null}},"23":{"start":{"line":62,"column":4},"end":{"line":62,"column":null}},"24":{"start":{"line":65,"column":2},"end":{"line":83,"column":null}},"25":{"start":{"line":66,"column":4},"end":{"line":69,"column":null}},"26":{"start":{"line":67,"column":6},"end":{"line":67,"column":null}},"27":{"start":{"line":68,"column":6},"end":{"line":68,"column":null}},"28":{"start":{"line":70,"column":4},"end":{"line":82,"column":null}},"29":{"start":{"line":71,"column":23},"end":{"line":78,"column":null}},"30":{"start":{"line":73,"column":10},"end":{"line":76,"column":null}},"31":{"start":{"line":74,"column":12},"end":{"line":74,"column":null}},"32":{"start":{"line":75,"column":12},"end":{"line":75,"column":null}},"33":{"start":{"line":80,"column":6},"end":{"line":80,"column":null}},"34":{"start":{"line":81,"column":6},"end":{"line":81,"column":null}},"35":{"start":{"line":81,"column":19},"end":{"line":81,"column":null}},"36":{"start":{"line":85,"column":2},"end":{"line":187,"column":null}},"37":{"start":{"line":86,"column":4},"end":{"line":86,"column":null}},"38":{"start":{"line":86,"column":24},"end":{"line":86,"column":null}},"39":{"start":{"line":88,"column":78},"end":{"line":88,"column":null}},"40":{"start":{"line":90,"column":26},"end":{"line":90,"column":null}},"41":{"start":{"line":91,"column":18},"end":{"line":91,"column":37}},"42":{"start":{"line":92,"column":19},"end":{"line":92,"column":39}},"43":{"start":{"line":94,"column":4},"end":{"line":96,"column":null}},"44":{"start":{"line":95,"column":6},"end":{"line":95,"column":null}},"45":{"start":{"line":98,"column":19},"end":{"line":98,"column":null}},"46":{"start":{"line":99,"column":4},"end":{"line":99,"column":null}},"47":{"start":{"line":101,"column":19},"end":{"line":110,"column":null}},"48":{"start":{"line":112,"column":28},"end":{"line":115,"column":null}},"49":{"start":{"line":116,"column":18},"end":{"line":116,"column":null}},"50":{"start":{"line":117,"column":21},"end":{"line":117,"column":null}},"51":{"start":{"line":118,"column":22},"end":{"line":118,"column":null}},"52":{"start":{"line":119,"column":20},"end":{"line":119,"column":null}},"53":{"start":{"line":121,"column":22},"end":{"line":121,"column":null}},"54":{"start":{"line":122,"column":23},"end":{"line":141,"column":null}},"55":{"start":{"line":123,"column":19},"end":{"line":123,"column":null}},"56":{"start":{"line":125,"column":16},"end":{"line":125,"column":null}},"57":{"start":{"line":126,"column":16},"end":{"line":126,"column":null}},"58":{"start":{"line":128,"column":19},"end":{"line":133,"column":null}},"59":{"start":{"line":135,"column":6},"end":{"line":138,"column":null}},"60":{"start":{"line":139,"column":6},"end":{"line":139,"column":null}},"61":{"start":{"line":140,"column":6},"end":{"line":140,"column":null}},"62":{"start":{"line":143,"column":4},"end":{"line":148,"column":null}},"63":{"start":{"line":144,"column":6},"end":{"line":144,"column":null}},"64":{"start":{"line":145,"column":6},"end":{"line":145,"column":null}},"65":{"start":{"line":146,"column":6},"end":{"line":146,"column":null}},"66":{"start":{"line":147,"column":6},"end":{"line":147,"column":null}},"67":{"start":{"line":150,"column":18},"end":{"line":150,"column":null}},"68":{"start":{"line":151,"column":28},"end":{"line":157,"column":null}},"69":{"start":{"line":158,"column":4},"end":{"line":158,"column":null}},"70":{"start":{"line":160,"column":4},"end":{"line":160,"column":null}},"71":{"start":{"line":160,"column":107},"end":{"line":160,"column":114}},"72":{"start":{"line":162,"column":19},"end":{"line":162,"column":null}},"73":{"start":{"line":163,"column":4},"end":{"line":163,"column":null}},"74":{"start":{"line":164,"column":4},"end":{"line":164,"column":null}},"75":{"start":{"line":166,"column":23},"end":{"line":175,"column":null}},"76":{"start":{"line":167,"column":6},"end":{"line":172,"column":null}},"77":{"start":{"line":168,"column":25},"end":{"line":168,"column":38}},"78":{"start":{"line":169,"column":8},"end":{"line":169,"column":null}},"79":{"start":{"line":170,"column":8},"end":{"line":170,"column":null}},"80":{"start":{"line":171,"column":8},"end":{"line":171,"column":null}},"81":{"start":{"line":173,"column":6},"end":{"line":173,"column":null}},"82":{"start":{"line":174,"column":6},"end":{"line":174,"column":null}},"83":{"start":{"line":176,"column":4},"end":{"line":176,"column":null}},"84":{"start":{"line":178,"column":4},"end":{"line":186,"column":null}},"85":{"start":{"line":179,"column":6},"end":{"line":179,"column":null}},"86":{"start":{"line":180,"column":6},"end":{"line":180,"column":null}},"87":{"start":{"line":181,"column":6},"end":{"line":183,"column":null}},"88":{"start":{"line":182,"column":8},"end":{"line":182,"column":null}},"89":{"start":{"line":184,"column":6},"end":{"line":184,"column":null}},"90":{"start":{"line":185,"column":6},"end":{"line":185,"column":null}},"91":{"start":{"line":189,"column":24},"end":{"line":193,"column":null}},"92":{"start":{"line":190,"column":4},"end":{"line":192,"column":null}},"93":{"start":{"line":191,"column":6},"end":{"line":191,"column":null}},"94":{"start":{"line":195,"column":2},"end":{"line":214,"column":null}}},"fnMap":{"0":{"name":"(anonymous_0)","decl":{"start":{"line":18,"column":20},"end":{"line":18,"column":21}},"loc":{"start":{"line":29,"column":19},"end":{"line":217,"column":null}}},"1":{"name":"(anonymous_1)","decl":{"start":{"line":36,"column":12},"end":{"line":36,"column":null}},"loc":{"start":{"line":36,"column":12},"end":{"line":63,"column":5}}},"2":{"name":"(anonymous_2)","decl":{"start":{"line":42,"column":18},"end":{"line":42,"column":19}},"loc":{"start":{"line":42,"column":25},"end":{"line":59,"column":null}}},"3":{"name":"(anonymous_3)","decl":{"start":{"line":46,"column":30},"end":{"line":46,"column":36}},"loc":{"start":{"line":46,"column":36},"end":{"line":46,"column":58}}},"4":{"name":"(anonymous_4)","decl":{"start":{"line":65,"column":12},"end":{"line":65,"column":null}},"loc":{"start":{"line":65,"column":12},"end":{"line":83,"column":5}}},"5":{"name":"(anonymous_5)","decl":{"start":{"line":72,"column":8},"end":{"line":72,"column":9}},"loc":{"start":{"line":72,"column":16},"end":{"line":77,"column":null}}},"6":{"name":"(anonymous_6)","decl":{"start":{"line":81,"column":13},"end":{"line":81,"column":19}},"loc":{"start":{"line":81,"column":19},"end":{"line":81,"column":null}}},"7":{"name":"(anonymous_7)","decl":{"start":{"line":85,"column":12},"end":{"line":85,"column":null}},"loc":{"start":{"line":85,"column":12},"end":{"line":187,"column":5}}},"8":{"name":"(anonymous_8)","decl":{"start":{"line":122,"column":42},"end":{"line":122,"column":null}},"loc":{"start":{"line":122,"column":42},"end":{"line":141,"column":null}}},"9":{"name":"(anonymous_9)","decl":{"start":{"line":143,"column":23},"end":{"line":143,"column":24}},"loc":{"start":{"line":143,"column":38},"end":{"line":148,"column":null}}},"10":{"name":"(anonymous_10)","decl":{"start":{"line":160,"column":101},"end":{"line":160,"column":107}},"loc":{"start":{"line":160,"column":107},"end":{"line":160,"column":114}}},"11":{"name":"(anonymous_11)","decl":{"start":{"line":166,"column":23},"end":{"line":166,"column":null}},"loc":{"start":{"line":166,"column":23},"end":{"line":175,"column":null}}},"12":{"name":"(anonymous_12)","decl":{"start":{"line":167,"column":25},"end":{"line":167,"column":26}},"loc":{"start":{"line":167,"column":40},"end":{"line":172,"column":null}}},"13":{"name":"(anonymous_13)","decl":{"start":{"line":178,"column":11},"end":{"line":178,"column":null}},"loc":{"start":{"line":178,"column":11},"end":{"line":186,"column":null}}},"14":{"name":"(anonymous_14)","decl":{"start":{"line":189,"column":24},"end":{"line":189,"column":null}},"loc":{"start":{"line":189,"column":24},"end":{"line":193,"column":null}}}},"branchMap":{"0":{"loc":{"start":{"line":19,"column":2},"end":{"line":19,"column":16}},"type":"default-arg","locations":[{"start":{"line":19,"column":14},"end":{"line":19,"column":16}}]},"1":{"loc":{"start":{"line":20,"column":2},"end":{"line":20,"column":11}},"type":"default-arg","locations":[{"start":{"line":20,"column":9},"end":{"line":20,"column":11}}]},"2":{"loc":{"start":{"line":21,"column":2},"end":{"line":21,"column":21}},"type":"default-arg","locations":[{"start":{"line":21,"column":19},"end":{"line":21,"column":21}}]},"3":{"loc":{"start":{"line":22,"column":2},"end":{"line":22,"column":32}},"type":"default-arg","locations":[{"start":{"line":22,"column":19},"end":{"line":22,"column":32}}]},"4":{"loc":{"start":{"line":23,"column":2},"end":{"line":23,"column":18}},"type":"default-arg","locations":[{"start":{"line":23,"column":12},"end":{"line":23,"column":18}}]},"5":{"loc":{"start":{"line":24,"column":2},"end":{"line":24,"column":33}},"type":"default-arg","locations":[{"start":{"line":24,"column":20},"end":{"line":24,"column":33}}]},"6":{"loc":{"start":{"line":25,"column":2},"end":{"line":25,"column":20}},"type":"default-arg","locations":[{"start":{"line":25,"column":15},"end":{"line":25,"column":20}}]},"7":{"loc":{"start":{"line":26,"column":2},"end":{"line":26,"column":13}},"type":"default-arg","locations":[{"start":{"line":26,"column":12},"end":{"line":26,"column":13}}]},"8":{"loc":{"start":{"line":27,"column":2},"end":{"line":27,"column":32}},"type":"default-arg","locations":[{"start":{"line":27,"column":29},"end":{"line":27,"column":32}}]},"9":{"loc":{"start":{"line":28,"column":2},"end":{"line":28,"column":19}},"type":"default-arg","locations":[{"start":{"line":28,"column":13},"end":{"line":28,"column":19}}]},"10":{"loc":{"start":{"line":37,"column":4},"end":{"line":37,"column":null}},"type":"if","locations":[{"start":{"line":37,"column":4},"end":{"line":37,"column":null}},{"start":{},"end":{}}]},"11":{"loc":{"start":{"line":46,"column":6},"end":{"line":51,"column":null}},"type":"if","locations":[{"start":{"line":46,"column":6},"end":{"line":51,"column":null}},{"start":{},"end":{}}]},"12":{"loc":{"start":{"line":48,"column":8},"end":{"line":50,"column":null}},"type":"if","locations":[{"start":{"line":48,"column":8},"end":{"line":50,"column":null}},{"start":{},"end":{}}]},"13":{"loc":{"start":{"line":56,"column":6},"end":{"line":58,"column":null}},"type":"if","locations":[{"start":{"line":56,"column":6},"end":{"line":58,"column":null}},{"start":{},"end":{}}]},"14":{"loc":{"start":{"line":66,"column":4},"end":{"line":69,"column":null}},"type":"if","locations":[{"start":{"line":66,"column":4},"end":{"line":69,"column":null}},{"start":{},"end":{}}]},"15":{"loc":{"start":{"line":70,"column":4},"end":{"line":82,"column":null}},"type":"if","locations":[{"start":{"line":70,"column":4},"end":{"line":82,"column":null}},{"start":{},"end":{}}]},"16":{"loc":{"start":{"line":70,"column":8},"end":{"line":70,"column":52}},"type":"binary-expr","locations":[{"start":{"line":70,"column":8},"end":{"line":70,"column":32}},{"start":{"line":70,"column":32},"end":{"line":70,"column":52}}]},"17":{"loc":{"start":{"line":73,"column":10},"end":{"line":76,"column":null}},"type":"if","locations":[{"start":{"line":73,"column":10},"end":{"line":76,"column":null}},{"start":{},"end":{}}]},"18":{"loc":{"start":{"line":86,"column":4},"end":{"line":86,"column":null}},"type":"if","locations":[{"start":{"line":86,"column":4},"end":{"line":86,"column":null}},{"start":{},"end":{}}]},"19":{"loc":{"start":{"line":94,"column":4},"end":{"line":96,"column":null}},"type":"if","locations":[{"start":{"line":94,"column":4},"end":{"line":96,"column":null}},{"start":{},"end":{}}]},"20":{"loc":{"start":{"line":94,"column":8},"end":{"line":94,"column":35}},"type":"binary-expr","locations":[{"start":{"line":94,"column":8},"end":{"line":94,"column":22}},{"start":{"line":94,"column":22},"end":{"line":94,"column":35}}]},"21":{"loc":{"start":{"line":181,"column":6},"end":{"line":183,"column":null}},"type":"if","locations":[{"start":{"line":181,"column":6},"end":{"line":183,"column":null}},{"start":{},"end":{}}]},"22":{"loc":{"start":{"line":181,"column":10},"end":{"line":181,"column":53}},"type":"binary-expr","locations":[{"start":{"line":181,"column":10},"end":{"line":181,"column":23}},{"start":{"line":181,"column":27},"end":{"line":181,"column":53}}]},"23":{"loc":{"start":{"line":190,"column":4},"end":{"line":192,"column":null}},"type":"if","locations":[{"start":{"line":190,"column":4},"end":{"line":192,"column":null}},{"start":{},"end":{}}]},"24":{"loc":{"start":{"line":190,"column":8},"end":{"line":190,"column":72}},"type":"binary-expr","locations":[{"start":{"line":190,"column":8},"end":{"line":190,"column":27}},{"start":{"line":190,"column":27},"end":{"line":190,"column":50}},{"start":{"line":190,"column":50},"end":{"line":190,"column":68}}]},"25":{"loc":{"start":{"line":199,"column":15},"end":{"line":199,"column":null}},"type":"cond-expr","locations":[{"start":{"line":199,"column":37},"end":{"line":199,"column":53}},{"start":{"line":199,"column":53},"end":{"line":199,"column":null}}]},"26":{"loc":{"start":{"line":200,"column":20},"end":{"line":200,"column":null}},"type":"cond-expr","locations":[{"start":{"line":200,"column":42},"end":{"line":200,"column":58}},{"start":{"line":200,"column":58},"end":{"line":200,"column":null}}]}},"s":{"0":0,"1":0,"2":0,"3":0,"4":0,"5":0,"6":0,"7":0,"8":0,"9":0,"10":0,"11":0,"12":0,"13":0,"14":0,"15":0,"16":0,"17":0,"18":0,"19":0,"20":0,"21":0,"22":0,"23":0,"24":0,"25":0,"26":0,"27":0,"28":0,"29":0,"30":0,"31":0,"32":0,"33":0,"34":0,"35":0,"36":0,"37":0,"38":0,"39":0,"40":0,"41":0,"42":0,"43":0,"44":0,"45":0,"46":0,"47":0,"48":0,"49":0,"50":0,"51":0,"52":0,"53":0,"54":0,"55":0,"56":0,"57":0,"58":0,"59":0,"60":0,"61":0,"62":0,"63":0,"64":0,"65":0,"66":0,"67":0,"68":0,"69":0,"70":0,"71":0,"72":0,"73":0,"74":0,"75":0,"76":0,"77":0,"78":0,"79":0,"80":0,"81":0,"82":0,"83":0,"84":0,"85":0,"86":0,"87":0,"88":0,"89":0,"90":0,"91":0,"92":0,"93":0,"94":0},"f":{"0":0,"1":0,"2":0,"3":0,"4":0,"5":0,"6":0,"7":0,"8":0,"9":0,"10":0,"11":0,"12":0,"13":0,"14":0},"b":{"0":[0],"1":[0],"2":[0],"3":[0],"4":[0],"5":[0],"6":[0],"7":[0],"8":[0],"9":[0],"10":[0,0],"11":[0,0],"12":[0,0],"13":[0,0],"14":[0,0],"15":[0,0],"16":[0,0],"17":[0,0],"18":[0,0],"19":[0,0],"20":[0,0],"21":[0,0],"22":[0,0],"23":[0,0],"24":[0,0,0],"25":[0,0],"26":[0,0]}}
,"C:/Users/Gabriel-Nitro/Documents/Capacitajun/trilha-eletronjun/src/components/HyperspeedBackground.tsx": {"path":"C:/Users/Gabriel-Nitro/Documents/Capacitajun/trilha-eletronjun/src/components/HyperspeedBackground.tsx","statementMap":{"0":{"start":{"line":7,"column":36},"end":{"line":140,"column":2}},"1":{"start":{"line":8,"column":20},"end":{"line":8,"column":null}},"2":{"start":{"line":9,"column":23},"end":{"line":9,"column":null}},"3":{"start":{"line":11,"column":2},"end":{"line":131,"column":null}},"4":{"start":{"line":12,"column":19},"end":{"line":12,"column":36}},"5":{"start":{"line":13,"column":4},"end":{"line":13,"column":null}},"6":{"start":{"line":13,"column":17},"end":{"line":13,"column":null}},"7":{"start":{"line":15,"column":16},"end":{"line":15,"column":null}},"8":{"start":{"line":16,"column":4},"end":{"line":16,"column":null}},"9":{"start":{"line":16,"column":14},"end":{"line":16,"column":null}},"10":{"start":{"line":18,"column":25},"end":{"line":21,"column":null}},"11":{"start":{"line":19,"column":6},"end":{"line":19,"column":null}},"12":{"start":{"line":20,"column":6},"end":{"line":20,"column":null}},"13":{"start":{"line":23,"column":4},"end":{"line":23,"column":null}},"14":{"start":{"line":24,"column":4},"end":{"line":24,"column":null}},"15":{"start":{"line":42,"column":8},"end":{"line":42,"column":null}},"16":{"start":{"line":43,"column":8},"end":{"line":43,"column":null}},"17":{"start":{"line":44,"column":8},"end":{"line":44,"column":null}},"18":{"start":{"line":46,"column":8},"end":{"line":52,"column":null}},"19":{"start":{"line":47,"column":10},"end":{"line":47,"column":null}},"20":{"start":{"line":48,"column":10},"end":{"line":48,"column":null}},"21":{"start":{"line":49,"column":10},"end":{"line":49,"column":null}},"22":{"start":{"line":50,"column":10},"end":{"line":50,"column":null}},"23":{"start":{"line":51,"column":10},"end":{"line":51,"column":null}},"24":{"start":{"line":56,"column":8},"end":{"line":56,"column":null}},"25":{"start":{"line":56,"column":18},"end":{"line":56,"column":null}},"26":{"start":{"line":58,"column":18},"end":{"line":58,"column":null}},"27":{"start":{"line":59,"column":18},"end":{"line":59,"column":null}},"28":{"start":{"line":60,"column":22},"end":{"line":60,"column":null}},"29":{"start":{"line":61,"column":22},"end":{"line":61,"column":null}},"30":{"start":{"line":63,"column":21},"end":{"line":63,"column":null}},"31":{"start":{"line":65,"column":25},"end":{"line":65,"column":null}},"32":{"start":{"line":66,"column":8},"end":{"line":66,"column":null}},"33":{"start":{"line":67,"column":8},"end":{"line":67,"column":null}},"34":{"start":{"line":69,"column":8},"end":{"line":69,"column":null}},"35":{"start":{"line":70,"column":8},"end":{"line":70,"column":null}},"36":{"start":{"line":71,"column":8},"end":{"line":71,"column":null}},"37":{"start":{"line":72,"column":8},"end":{"line":72,"column":null}},"38":{"start":{"line":73,"column":8},"end":{"line":73,"column":null}},"39":{"start":{"line":74,"column":8},"end":{"line":74,"column":null}},"40":{"start":{"line":76,"column":8},"end":{"line":76,"column":null}},"41":{"start":{"line":77,"column":8},"end":{"line":77,"column":null}},"42":{"start":{"line":78,"column":8},"end":{"line":78,"column":null}},"43":{"start":{"line":79,"column":8},"end":{"line":79,"column":null}},"44":{"start":{"line":27,"column":6},"end":{"line":27,"column":null}},"45":{"start":{"line":28,"column":6},"end":{"line":28,"column":null}},"46":{"start":{"line":29,"column":6},"end":{"line":29,"column":null}},"47":{"start":{"line":30,"column":6},"end":{"line":30,"column":null}},"48":{"start":{"line":31,"column":6},"end":{"line":31,"column":null}},"49":{"start":{"line":34,"column":8},"end":{"line":34,"column":null}},"50":{"start":{"line":35,"column":8},"end":{"line":35,"column":null}},"51":{"start":{"line":36,"column":8},"end":{"line":36,"column":null}},"52":{"start":{"line":37,"column":8},"end":{"line":37,"column":null}},"53":{"start":{"line":38,"column":8},"end":{"line":38,"column":null}},"54":{"start":{"line":83,"column":26},"end":{"line":83,"column":28}},"55":{"start":{"line":84,"column":21},"end":{"line":84,"column":null}},"56":{"start":{"line":85,"column":16},"end":{"line":85,"column":null}},"57":{"start":{"line":86,"column":22},"end":{"line":86,"column":null}},"58":{"start":{"line":88,"column":4},"end":{"line":90,"column":null}},"59":{"start":{"line":88,"column":17},"end":{"line":88,"column":20}},"60":{"start":{"line":89,"column":6},"end":{"line":89,"column":null}},"61":{"start":{"line":92,"column":28},"end":{"line":94,"column":null}},"62":{"start":{"line":93,"column":6},"end":{"line":93,"column":null}},"63":{"start":{"line":96,"column":26},"end":{"line":98,"column":null}},"64":{"start":{"line":97,"column":6},"end":{"line":97,"column":null}},"65":{"start":{"line":100,"column":4},"end":{"line":100,"column":null}},"66":{"start":{"line":101,"column":4},"end":{"line":101,"column":null}},"67":{"start":{"line":102,"column":4},"end":{"line":102,"column":null}},"68":{"start":{"line":103,"column":4},"end":{"line":103,"column":null}},"69":{"start":{"line":105,"column":20},"end":{"line":117,"column":null}},"70":{"start":{"line":106,"column":6},"end":{"line":106,"column":null}},"71":{"start":{"line":107,"column":6},"end":{"line":107,"column":null}},"72":{"start":{"line":109,"column":6},"end":{"line":109,"column":null}},"73":{"start":{"line":111,"column":6},"end":{"line":114,"column":null}},"74":{"start":{"line":112,"column":8},"end":{"line":112,"column":null}},"75":{"start":{"line":113,"column":8},"end":{"line":113,"column":null}},"76":{"start":{"line":116,"column":6},"end":{"line":116,"column":null}},"77":{"start":{"line":119,"column":4},"end":{"line":119,"column":null}},"78":{"start":{"line":121,"column":4},"end":{"line":130,"column":null}},"79":{"start":{"line":122,"column":6},"end":{"line":124,"column":null}},"80":{"start":{"line":123,"column":8},"end":{"line":123,"column":null}},"81":{"start":{"line":125,"column":6},"end":{"line":125,"column":null}},"82":{"start":{"line":126,"column":6},"end":{"line":126,"column":null}},"83":{"start":{"line":127,"column":6},"end":{"line":127,"column":null}},"84":{"start":{"line":128,"column":6},"end":{"line":128,"column":null}},"85":{"start":{"line":129,"column":6},"end":{"line":129,"column":null}},"86":{"start":{"line":133,"column":2},"end":{"line":137,"column":null}}},"fnMap":{"0":{"name":"(anonymous_1)","decl":{"start":{"line":7,"column":36},"end":{"line":7,"column":37}},"loc":{"start":{"line":7,"column":82},"end":{"line":140,"column":2}}},"1":{"name":"(anonymous_2)","decl":{"start":{"line":11,"column":12},"end":{"line":11,"column":null}},"loc":{"start":{"line":11,"column":12},"end":{"line":131,"column":5}}},"2":{"name":"(anonymous_3)","decl":{"start":{"line":18,"column":25},"end":{"line":18,"column":null}},"loc":{"start":{"line":18,"column":25},"end":{"line":21,"column":null}}},"3":{"name":"(anonymous_4)","decl":{"start":{"line":41,"column":6},"end":{"line":41,"column":13}},"loc":{"start":{"line":41,"column":28},"end":{"line":53,"column":null}}},"4":{"name":"(anonymous_5)","decl":{"start":{"line":55,"column":6},"end":{"line":55,"column":13}},"loc":{"start":{"line":55,"column":13},"end":{"line":80,"column":null}}},"5":{"name":"(anonymous_6)","decl":{"start":{"line":33,"column":6},"end":{"line":33,"column":20}},"loc":{"start":{"line":33,"column":20},"end":{"line":39,"column":null}}},"6":{"name":"(anonymous_7)","decl":{"start":{"line":92,"column":28},"end":{"line":92,"column":null}},"loc":{"start":{"line":92,"column":28},"end":{"line":94,"column":null}}},"7":{"name":"(anonymous_8)","decl":{"start":{"line":96,"column":26},"end":{"line":96,"column":null}},"loc":{"start":{"line":96,"column":26},"end":{"line":98,"column":null}}},"8":{"name":"(anonymous_9)","decl":{"start":{"line":105,"column":20},"end":{"line":105,"column":null}},"loc":{"start":{"line":105,"column":20},"end":{"line":117,"column":null}}},"9":{"name":"(anonymous_10)","decl":{"start":{"line":111,"column":20},"end":{"line":111,"column":21}},"loc":{"start":{"line":111,"column":21},"end":{"line":114,"column":null}}},"10":{"name":"(anonymous_11)","decl":{"start":{"line":121,"column":11},"end":{"line":121,"column":null}},"loc":{"start":{"line":121,"column":11},"end":{"line":130,"column":null}}}},"branchMap":{"0":{"loc":{"start":{"line":7,"column":39},"end":{"line":7,"column":53}},"type":"default-arg","locations":[{"start":{"line":7,"column":51},"end":{"line":7,"column":53}}]},"1":{"loc":{"start":{"line":13,"column":4},"end":{"line":13,"column":null}},"type":"if","locations":[{"start":{"line":13,"column":4},"end":{"line":13,"column":null}},{"start":{},"end":{}}]},"2":{"loc":{"start":{"line":16,"column":4},"end":{"line":16,"column":null}},"type":"if","locations":[{"start":{"line":16,"column":4},"end":{"line":16,"column":null}},{"start":{},"end":{}}]},"3":{"loc":{"start":{"line":46,"column":8},"end":{"line":52,"column":null}},"type":"if","locations":[{"start":{"line":46,"column":8},"end":{"line":52,"column":null}},{"start":{},"end":{}}]},"4":{"loc":{"start":{"line":56,"column":8},"end":{"line":56,"column":null}},"type":"if","locations":[{"start":{"line":56,"column":8},"end":{"line":56,"column":null}},{"start":{},"end":{}}]},"5":{"loc":{"start":{"line":122,"column":6},"end":{"line":124,"column":null}},"type":"if","locations":[{"start":{"line":122,"column":6},"end":{"line":124,"column":null}},{"start":{},"end":{}}]}},"s":{"0":0,"1":0,"2":0,"3":0,"4":0,"5":0,"6":0,"7":0,"8":0,"9":0,"10":0,"11":0,"12":0,"13":0,"14":0,"15":0,"16":0,"17":0,"18":0,"19":0,"20":0,"21":0,"22":0,"23":0,"24":0,"25":0,"26":0,"27":0,"28":0,"29":0,"30":0,"31":0,"32":0,"33":0,"34":0,"35":0,"36":0,"37":0,"38":0,"39":0,"40":0,"41":0,"42":0,"43":0,"44":0,"45":0,"46":0,"47":0,"48":0,"49":0,"50":0,"51":0,"52":0,"53":0,"54":0,"55":0,"56":0,"57":0,"58":0,"59":0,"60":0,"61":0,"62":0,"63":0,"64":0,"65":0,"66":0,"67":0,"68":0,"69":0,"70":0,"71":0,"72":0,"73":0,"74":0,"75":0,"76":0,"77":0,"78":0,"79":0,"80":0,"81":0,"82":0,"83":0,"84":0,"85":0,"86":0},"f":{"0":0,"1":0,"2":0,"3":0,"4":0,"5":0,"6":0,"7":0,"8":0,"9":0,"10":0},"b":{"0":[0],"1":[0,0],"2":[0,0],"3":[0,0],"4":[0,0],"5":[0,0]}}
,"C:/Users/Gabriel-Nitro/Documents/Capacitajun/trilha-eletronjun/src/components/KanbanBoard.tsx": {"path":"C:/Users/Gabriel-Nitro/Documents/Capacitajun/trilha-eletronjun/src/components/KanbanBoard.tsx","statementMap":{"0":{"start":{"line":21,"column":27},"end":{"line":333,"column":2}},"1":{"start":{"line":22,"column":30},"end":{"line":22,"column":null}},"2":{"start":{"line":23,"column":28},"end":{"line":23,"column":null}},"3":{"start":{"line":24,"column":42},"end":{"line":24,"column":null}},"4":{"start":{"line":25,"column":20},"end":{"line":25,"column":null}},"5":{"start":{"line":27,"column":2},"end":{"line":31,"column":null}},"6":{"start":{"line":28,"column":4},"end":{"line":30,"column":null}},"7":{"start":{"line":29,"column":6},"end":{"line":29,"column":null}},"8":{"start":{"line":33,"column":20},"end":{"line":49,"column":null}},"9":{"start":{"line":34,"column":4},"end":{"line":48,"column":null}},"10":{"start":{"line":35,"column":30},"end":{"line":39,"column":null}},"11":{"start":{"line":41,"column":6},"end":{"line":45,"column":null}},"12":{"start":{"line":42,"column":8},"end":{"line":42,"column":null}},"13":{"start":{"line":44,"column":8},"end":{"line":44,"column":null}},"14":{"start":{"line":47,"column":6},"end":{"line":47,"column":null}},"15":{"start":{"line":51,"column":18},"end":{"line":75,"column":null}},"16":{"start":{"line":52,"column":4},"end":{"line":52,"column":null}},"17":{"start":{"line":52,"column":30},"end":{"line":52,"column":null}},"18":{"start":{"line":54,"column":4},"end":{"line":74,"column":null}},"19":{"start":{"line":55,"column":24},"end":{"line":59,"column":null}},"20":{"start":{"line":61,"column":6},"end":{"line":71,"column":null}},"21":{"start":{"line":62,"column":8},"end":{"line":62,"column":null}},"22":{"start":{"line":63,"column":8},"end":{"line":67,"column":null}},"23":{"start":{"line":69,"column":8},"end":{"line":69,"column":null}},"24":{"start":{"line":70,"column":8},"end":{"line":70,"column":null}},"25":{"start":{"line":73,"column":6},"end":{"line":73,"column":null}},"26":{"start":{"line":77,"column":27},"end":{"line":105,"column":null}},"27":{"start":{"line":78,"column":4},"end":{"line":104,"column":null}},"28":{"start":{"line":79,"column":24},"end":{"line":82,"column":null}},"29":{"start":{"line":84,"column":6},"end":{"line":101,"column":null}},"30":{"start":{"line":85,"column":8},"end":{"line":85,"column":null}},"31":{"start":{"line":88,"column":8},"end":{"line":99,"column":null}},"32":{"start":{"line":89,"column":10},"end":{"line":94,"column":null}},"33":{"start":{"line":95,"column":10},"end":{"line":98,"column":null}},"34":{"start":{"line":100,"column":8},"end":{"line":100,"column":null}},"35":{"start":{"line":103,"column":6},"end":{"line":103,"column":null}},"36":{"start":{"line":107,"column":21},"end":{"line":122,"column":null}},"37":{"start":{"line":108,"column":4},"end":{"line":121,"column":null}},"38":{"start":{"line":109,"column":24},"end":{"line":112,"column":null}},"39":{"start":{"line":114,"column":6},"end":{"line":118,"column":null}},"40":{"start":{"line":115,"column":8},"end":{"line":115,"column":null}},"41":{"start":{"line":117,"column":8},"end":{"line":117,"column":null}},"42":{"start":{"line":120,"column":6},"end":{"line":120,"column":null}},"43":{"start":{"line":124,"column":27},"end":{"line":126,"column":null}},"44":{"start":{"line":125,"column":4},"end":{"line":125,"column":null}},"45":{"start":{"line":125,"column":34},"end":{"line":125,"column":null}},"46":{"start":{"line":128,"column":18},"end":{"line":132,"column":null}},"47":{"start":{"line":134,"column":22},"end":{"line":140,"column":null}},"48":{"start":{"line":135,"column":4},"end":{"line":139,"column":null}},"49":{"start":{"line":136,"column":6},"end":{"line":136,"column":null}},"50":{"start":{"line":138,"column":6},"end":{"line":138,"column":null}},"51":{"start":{"line":142,"column":2},"end":{"line":215,"column":null}},"52":{"start":{"line":143,"column":4},"end":{"line":173,"column":35}},"53":{"start":{"line":163,"column":31},"end":{"line":163,"column":null}},"54":{"start":{"line":165,"column":33},"end":{"line":165,"column":null}},"55":{"start":{"line":173,"column":14},"end":{"line":173,"column":35}},"56":{"start":{"line":175,"column":55},"end":{"line":175,"column":77}},"57":{"start":{"line":179,"column":38},"end":{"line":179,"column":63}},"58":{"start":{"line":181,"column":22},"end":{"line":182,"column":null}},"59":{"start":{"line":192,"column":45},"end":{"line":192,"column":null}},"60":{"start":{"line":201,"column":43},"end":{"line":201,"column":null}},"61":{"start":{"line":217,"column":2},"end":{"line":266,"column":null}},"62":{"start":{"line":220,"column":23},"end":{"line":220,"column":null}},"63":{"start":{"line":251,"column":33},"end":{"line":251,"column":null}},"64":{"start":{"line":253,"column":35},"end":{"line":253,"column":null}},"65":{"start":{"line":265,"column":16},"end":{"line":266,"column":null}},"66":{"start":{"line":277,"column":22},"end":{"line":278,"column":null}},"67":{"start":{"line":288,"column":32},"end":{"line":290,"column":null}},"68":{"start":{"line":303,"column":32},"end":{"line":305,"column":null}},"69":{"start":{"line":316,"column":43},"end":{"line":316,"column":null}}},"fnMap":{"0":{"name":"(anonymous_0)","decl":{"start":{"line":21,"column":27},"end":{"line":21,"column":28}},"loc":{"start":{"line":21,"column":83},"end":{"line":333,"column":2}}},"1":{"name":"(anonymous_1)","decl":{"start":{"line":27,"column":12},"end":{"line":27,"column":null}},"loc":{"start":{"line":27,"column":12},"end":{"line":31,"column":5}}},"2":{"name":"(anonymous_2)","decl":{"start":{"line":33,"column":20},"end":{"line":33,"column":null}},"loc":{"start":{"line":33,"column":20},"end":{"line":49,"column":null}}},"3":{"name":"(anonymous_3)","decl":{"start":{"line":51,"column":18},"end":{"line":51,"column":null}},"loc":{"start":{"line":51,"column":18},"end":{"line":75,"column":null}}},"4":{"name":"(anonymous_4)","decl":{"start":{"line":77,"column":27},"end":{"line":77,"column":34}},"loc":{"start":{"line":77,"column":50},"end":{"line":105,"column":null}}},"5":{"name":"(anonymous_5)","decl":{"start":{"line":107,"column":21},"end":{"line":107,"column":28}},"loc":{"start":{"line":107,"column":28},"end":{"line":122,"column":null}}},"6":{"name":"(anonymous_6)","decl":{"start":{"line":124,"column":27},"end":{"line":124,"column":28}},"loc":{"start":{"line":124,"column":28},"end":{"line":126,"column":null}}},"7":{"name":"(anonymous_7)","decl":{"start":{"line":125,"column":24},"end":{"line":125,"column":25}},"loc":{"start":{"line":125,"column":34},"end":{"line":125,"column":null}}},"8":{"name":"(anonymous_8)","decl":{"start":{"line":134,"column":22},"end":{"line":134,"column":null}},"loc":{"start":{"line":134,"column":22},"end":{"line":140,"column":null}}},"9":{"name":"(anonymous_9)","decl":{"start":{"line":163,"column":24},"end":{"line":163,"column":25}},"loc":{"start":{"line":163,"column":31},"end":{"line":163,"column":null}}},"10":{"name":"(anonymous_10)","decl":{"start":{"line":165,"column":26},"end":{"line":165,"column":27}},"loc":{"start":{"line":165,"column":33},"end":{"line":165,"column":null}}},"11":{"name":"(anonymous_11)","decl":{"start":{"line":172,"column":25},"end":{"line":172,"column":26}},"loc":{"start":{"line":173,"column":14},"end":{"line":173,"column":35}}},"12":{"name":"(anonymous_12)","decl":{"start":{"line":175,"column":48},"end":{"line":175,"column":49}},"loc":{"start":{"line":175,"column":55},"end":{"line":175,"column":77}}},"13":{"name":"(anonymous_13)","decl":{"start":{"line":179,"column":28},"end":{"line":179,"column":29}},"loc":{"start":{"line":179,"column":38},"end":{"line":179,"column":63}}},"14":{"name":"(anonymous_14)","decl":{"start":{"line":180,"column":25},"end":{"line":180,"column":26}},"loc":{"start":{"line":181,"column":22},"end":{"line":182,"column":null}}},"15":{"name":"(anonymous_15)","decl":{"start":{"line":192,"column":39},"end":{"line":192,"column":45}},"loc":{"start":{"line":192,"column":45},"end":{"line":192,"column":null}}},"16":{"name":"(anonymous_16)","decl":{"start":{"line":201,"column":37},"end":{"line":201,"column":43}},"loc":{"start":{"line":201,"column":43},"end":{"line":201,"column":null}}},"17":{"name":"(anonymous_17)","decl":{"start":{"line":220,"column":17},"end":{"line":220,"column":23}},"loc":{"start":{"line":220,"column":23},"end":{"line":220,"column":null}}},"18":{"name":"(anonymous_18)","decl":{"start":{"line":251,"column":26},"end":{"line":251,"column":27}},"loc":{"start":{"line":251,"column":33},"end":{"line":251,"column":null}}},"19":{"name":"(anonymous_19)","decl":{"start":{"line":253,"column":28},"end":{"line":253,"column":29}},"loc":{"start":{"line":253,"column":35},"end":{"line":253,"column":null}}},"20":{"name":"(anonymous_20)","decl":{"start":{"line":264,"column":27},"end":{"line":264,"column":28}},"loc":{"start":{"line":265,"column":16},"end":{"line":266,"column":null}}},"21":{"name":"(anonymous_21)","decl":{"start":{"line":276,"column":53},"end":{"line":276,"column":54}},"loc":{"start":{"line":277,"column":22},"end":{"line":278,"column":null}}},"22":{"name":"(anonymous_22)","decl":{"start":{"line":287,"column":39},"end":{"line":287,"column":null}},"loc":{"start":{"line":288,"column":32},"end":{"line":290,"column":null}}},"23":{"name":"(anonymous_23)","decl":{"start":{"line":302,"column":39},"end":{"line":302,"column":null}},"loc":{"start":{"line":303,"column":32},"end":{"line":305,"column":null}}},"24":{"name":"(anonymous_24)","decl":{"start":{"line":316,"column":37},"end":{"line":316,"column":43}},"loc":{"start":{"line":316,"column":43},"end":{"line":316,"column":null}}}},"branchMap":{"0":{"loc":{"start":{"line":21,"column":38},"end":{"line":21,"column":54}},"type":"default-arg","locations":[{"start":{"line":21,"column":49},"end":{"line":21,"column":54}}]},"1":{"loc":{"start":{"line":28,"column":4},"end":{"line":30,"column":null}},"type":"if","locations":[{"start":{"line":28,"column":4},"end":{"line":30,"column":null}},{"start":{},"end":{}}]},"2":{"loc":{"start":{"line":28,"column":8},"end":{"line":28,"column":28}},"type":"binary-expr","locations":[{"start":{"line":28,"column":8},"end":{"line":28,"column":18}},{"start":{"line":28,"column":18},"end":{"line":28,"column":28}}]},"3":{"loc":{"start":{"line":41,"column":6},"end":{"line":45,"column":null}},"type":"if","locations":[{"start":{"line":41,"column":6},"end":{"line":45,"column":null}},{"start":{"line":43,"column":13},"end":{"line":45,"column":null}}]},"4":{"loc":{"start":{"line":44,"column":17},"end":{"line":44,"column":27}},"type":"binary-expr","locations":[{"start":{"line":44,"column":17},"end":{"line":44,"column":25}},{"start":{"line":44,"column":25},"end":{"line":44,"column":27}}]},"5":{"loc":{"start":{"line":52,"column":4},"end":{"line":52,"column":null}},"type":"if","locations":[{"start":{"line":52,"column":4},"end":{"line":52,"column":null}},{"start":{},"end":{}}]},"6":{"loc":{"start":{"line":61,"column":6},"end":{"line":71,"column":null}},"type":"if","locations":[{"start":{"line":61,"column":6},"end":{"line":71,"column":null}},{"start":{"line":68,"column":13},"end":{"line":71,"column":null}}]},"7":{"loc":{"start":{"line":84,"column":6},"end":{"line":101,"column":null}},"type":"if","locations":[{"start":{"line":84,"column":6},"end":{"line":101,"column":null}},{"start":{"line":86,"column":13},"end":{"line":101,"column":null}}]},"8":{"loc":{"start":{"line":88,"column":8},"end":{"line":99,"column":null}},"type":"if","locations":[{"start":{"line":88,"column":8},"end":{"line":99,"column":null}},{"start":{},"end":{}}]},"9":{"loc":{"start":{"line":114,"column":6},"end":{"line":118,"column":null}},"type":"if","locations":[{"start":{"line":114,"column":6},"end":{"line":118,"column":null}},{"start":{"line":116,"column":13},"end":{"line":118,"column":null}}]},"10":{"loc":{"start":{"line":135,"column":4},"end":{"line":139,"column":null}},"type":"if","locations":[{"start":{"line":135,"column":4},"end":{"line":139,"column":null}},{"start":{"line":137,"column":11},"end":{"line":139,"column":null}}]},"11":{"loc":{"start":{"line":135,"column":8},"end":{"line":135,"column":29}},"type":"binary-expr","locations":[{"start":{"line":135,"column":8},"end":{"line":135,"column":20}},{"start":{"line":135,"column":20},"end":{"line":135,"column":29}}]},"12":{"loc":{"start":{"line":142,"column":2},"end":{"line":215,"column":null}},"type":"if","locations":[{"start":{"line":142,"column":2},"end":{"line":215,"column":null}},{"start":{},"end":{}}]},"13":{"loc":{"start":{"line":165,"column":33},"end":{"line":165,"column":null}},"type":"binary-expr","locations":[{"start":{"line":165,"column":33},"end":{"line":165,"column":54}},{"start":{"line":165,"column":54},"end":{"line":165,"column":null}}]},"14":{"loc":{"start":{"line":187,"column":27},"end":{"line":193,"column":null}},"type":"binary-expr","locations":[{"start":{"line":187,"column":27},"end":{"line":187,"column":null}},{"start":{"line":188,"column":28},"end":{"line":193,"column":null}}]},"15":{"loc":{"start":{"line":192,"column":71},"end":{"line":192,"column":null}},"type":"cond-expr","locations":[{"start":{"line":192,"column":94},"end":{"line":192,"column":110}},{"start":{"line":192,"column":110},"end":{"line":192,"column":null}}]},"16":{"loc":{"start":{"line":230,"column":7},"end":{"line":266,"column":null}},"type":"binary-expr","locations":[{"start":{"line":230,"column":7},"end":{"line":230,"column":null}},{"start":{"line":231,"column":8},"end":{"line":266,"column":null}}]},"17":{"loc":{"start":{"line":253,"column":35},"end":{"line":253,"column":null}},"type":"binary-expr","locations":[{"start":{"line":253,"column":35},"end":{"line":253,"column":56}},{"start":{"line":253,"column":56},"end":{"line":253,"column":null}}]},"18":{"loc":{"start":{"line":283,"column":27},"end":{"line":294,"column":null}},"type":"binary-expr","locations":[{"start":{"line":283,"column":27},"end":{"line":283,"column":null}},{"start":{"line":284,"column":28},"end":{"line":294,"column":null}}]},"19":{"loc":{"start":{"line":290,"column":34},"end":{"line":290,"column":null}},"type":"cond-expr","locations":[{"start":{"line":290,"column":57},"end":{"line":290,"column":73}},{"start":{"line":290,"column":73},"end":{"line":290,"column":null}}]},"20":{"loc":{"start":{"line":298,"column":27},"end":{"line":309,"column":null}},"type":"binary-expr","locations":[{"start":{"line":298,"column":27},"end":{"line":298,"column":null}},{"start":{"line":299,"column":28},"end":{"line":309,"column":null}}]},"21":{"loc":{"start":{"line":305,"column":34},"end":{"line":305,"column":null}},"type":"cond-expr","locations":[{"start":{"line":305,"column":57},"end":{"line":305,"column":73}},{"start":{"line":305,"column":73},"end":{"line":305,"column":null}}]}},"s":{"0":1,"1":81,"2":81,"3":81,"4":81,"5":81,"6":16,"7":11,"8":81,"9":13,"10":13,"11":13,"12":0,"13":13,"14":0,"15":81,"16":4,"17":1,"18":3,"19":3,"20":3,"21":1,"22":1,"23":2,"24":2,"25":0,"26":81,"27":0,"28":0,"29":0,"30":0,"31":0,"32":0,"33":0,"34":0,"35":0,"36":81,"37":0,"38":0,"39":0,"40":0,"41":0,"42":0,"43":81,"44":12,"45":0,"46":81,"47":81,"48":2,"49":1,"50":1,"51":81,"52":72,"53":52,"54":54,"55":216,"56":567,"57":567,"58":189,"59":0,"60":0,"61":9,"62":2,"63":0,"64":0,"65":12,"66":0,"67":0,"68":0,"69":0},"f":{"0":81,"1":16,"2":13,"3":4,"4":0,"5":0,"6":12,"7":0,"8":2,"9":52,"10":54,"11":216,"12":567,"13":567,"14":189,"15":0,"16":0,"17":2,"18":0,"19":0,"20":12,"21":0,"22":0,"23":0,"24":0},"b":{"0":[0],"1":[11,5],"2":[16,5],"3":[0,13],"4":[13,0],"5":[1,3],"6":[1,2],"7":[0,0],"8":[0,0],"9":[0,0],"10":[1,1],"11":[2,1],"12":[72,9],"13":[54,2],"14":[189,126],"15":[0,0],"16":[9,4],"17":[0,0],"18":[0,0],"19":[0,0],"20":[0,0],"21":[0,0]}}
,"C:/Users/Gabriel-Nitro/Documents/Capacitajun/trilha-eletronjun/src/components/LearningPath.tsx": {"path":"C:/Users/Gabriel-Nitro/Documents/Capacitajun/trilha-eletronjun/src/components/LearningPath.tsx","statementMap":{"0":{"start":{"line":19,"column":28},"end":{"line":70,"column":2}},"1":{"start":{"line":20,"column":20},"end":{"line":20,"column":null}},"2":{"start":{"line":22,"column":2},"end":{"line":66,"column":null}},"3":{"start":{"line":31,"column":31},"end":{"line":31,"column":57}},"4":{"start":{"line":39,"column":10},"end":{"line":39,"column":31}},"5":{"start":{"line":45,"column":29},"end":{"line":45,"column":null}},"6":{"start":{"line":58,"column":31},"end":{"line":58,"column":null}}},"fnMap":{"0":{"name":"(anonymous_0)","decl":{"start":{"line":19,"column":28},"end":{"line":19,"column":29}},"loc":{"start":{"line":19,"column":88},"end":{"line":70,"column":2}}},"1":{"name":"(anonymous_1)","decl":{"start":{"line":31,"column":26},"end":{"line":31,"column":31}},"loc":{"start":{"line":31,"column":31},"end":{"line":31,"column":57}}},"2":{"name":"(anonymous_2)","decl":{"start":{"line":38,"column":21},"end":{"line":38,"column":22}},"loc":{"start":{"line":39,"column":10},"end":{"line":39,"column":31}}},"3":{"name":"(anonymous_3)","decl":{"start":{"line":45,"column":23},"end":{"line":45,"column":29}},"loc":{"start":{"line":45,"column":29},"end":{"line":45,"column":null}}},"4":{"name":"(anonymous_4)","decl":{"start":{"line":58,"column":26},"end":{"line":58,"column":31}},"loc":{"start":{"line":58,"column":31},"end":{"line":58,"column":null}}}},"branchMap":{"0":{"loc":{"start":{"line":50,"column":9},"end":{"line":66,"column":null}},"type":"cond-expr","locations":[{"start":{"line":51,"column":10},"end":{"line":58,"column":20}},{"start":{"line":58,"column":12},"end":{"line":66,"column":null}}]},"1":{"loc":{"start":{"line":58,"column":12},"end":{"line":66,"column":null}},"type":"cond-expr","locations":[{"start":{"line":59,"column":10},"end":{"line":66,"column":null}},{"start":{"line":66,"column":12},"end":{"line":66,"column":null}}]}},"s":{"0":1,"1":5,"2":5,"3":11,"4":11,"5":1,"6":8},"f":{"0":5,"1":11,"2":11,"3":1,"4":8},"b":{"0":[1,4],"1":[1,3]}}
,"C:/Users/Gabriel-Nitro/Documents/Capacitajun/trilha-eletronjun/src/components/LessonModal.tsx": {"path":"C:/Users/Gabriel-Nitro/Documents/Capacitajun/trilha-eletronjun/src/components/LessonModal.tsx","statementMap":{"0":{"start":{"line":48,"column":27},"end":{"line":500,"column":1}},"1":{"start":{"line":49,"column":42},"end":{"line":49,"column":null}},"2":{"start":{"line":50,"column":58},"end":{"line":50,"column":null}},"3":{"start":{"line":51,"column":48},"end":{"line":51,"column":null}},"4":{"start":{"line":52,"column":40},"end":{"line":52,"column":null}},"5":{"start":{"line":53,"column":36},"end":{"line":53,"column":null}},"6":{"start":{"line":54,"column":54},"end":{"line":54,"column":null}},"7":{"start":{"line":55,"column":38},"end":{"line":55,"column":null}},"8":{"start":{"line":57,"column":36},"end":{"line":57,"column":null}},"9":{"start":{"line":58,"column":28},"end":{"line":58,"column":null}},"10":{"start":{"line":59,"column":44},"end":{"line":59,"column":null}},"11":{"start":{"line":60,"column":19},"end":{"line":60,"column":null}},"12":{"start":{"line":62,"column":2},"end":{"line":69,"column":null}},"13":{"start":{"line":63,"column":4},"end":{"line":68,"column":null}},"14":{"start":{"line":64,"column":6},"end":{"line":64,"column":null}},"15":{"start":{"line":65,"column":6},"end":{"line":67,"column":null}},"16":{"start":{"line":66,"column":8},"end":{"line":66,"column":null}},"17":{"start":{"line":71,"column":2},"end":{"line":76,"column":null}},"18":{"start":{"line":72,"column":4},"end":{"line":75,"column":null}},"19":{"start":{"line":73,"column":6},"end":{"line":73,"column":null}},"20":{"start":{"line":74,"column":6},"end":{"line":74,"column":null}},"21":{"start":{"line":78,"column":24},"end":{"line":106,"column":null}},"22":{"start":{"line":79,"column":4},"end":{"line":79,"column":null}},"23":{"start":{"line":79,"column":17},"end":{"line":79,"column":null}},"24":{"start":{"line":81,"column":4},"end":{"line":81,"column":null}},"25":{"start":{"line":82,"column":4},"end":{"line":105,"column":null}},"26":{"start":{"line":83,"column":30},"end":{"line":87,"column":null}},"27":{"start":{"line":89,"column":6},"end":{"line":99,"column":null}},"28":{"start":{"line":90,"column":8},"end":{"line":90,"column":null}},"29":{"start":{"line":90,"column":34},"end":{"line":90,"column":null}},"30":{"start":{"line":91,"column":8},"end":{"line":91,"column":null}},"31":{"start":{"line":93,"column":35},"end":{"line":97,"column":null}},"32":{"start":{"line":93,"column":58},"end":{"line":97,"column":null}},"33":{"start":{"line":98,"column":8},"end":{"line":98,"column":null}},"34":{"start":{"line":101,"column":6},"end":{"line":101,"column":null}},"35":{"start":{"line":101,"column":32},"end":{"line":101,"column":null}},"36":{"start":{"line":102,"column":6},"end":{"line":102,"column":null}},"37":{"start":{"line":104,"column":6},"end":{"line":104,"column":null}},"38":{"start":{"line":108,"column":20},"end":{"line":127,"column":null}},"39":{"start":{"line":109,"column":4},"end":{"line":109,"column":null}},"40":{"start":{"line":109,"column":28},"end":{"line":109,"column":null}},"41":{"start":{"line":111,"column":4},"end":{"line":126,"column":null}},"42":{"start":{"line":112,"column":30},"end":{"line":117,"column":null}},"43":{"start":{"line":119,"column":6},"end":{"line":123,"column":null}},"44":{"start":{"line":120,"column":8},"end":{"line":120,"column":null}},"45":{"start":{"line":120,"column":34},"end":{"line":120,"column":null}},"46":{"start":{"line":121,"column":13},"end":{"line":123,"column":null}},"47":{"start":{"line":122,"column":8},"end":{"line":122,"column":null}},"48":{"start":{"line":125,"column":6},"end":{"line":125,"column":null}},"49":{"start":{"line":125,"column":32},"end":{"line":125,"column":null}},"50":{"start":{"line":129,"column":20},"end":{"line":163,"column":null}},"51":{"start":{"line":130,"column":4},"end":{"line":130,"column":null}},"52":{"start":{"line":130,"column":28},"end":{"line":130,"column":null}},"53":{"start":{"line":132,"column":4},"end":{"line":132,"column":null}},"54":{"start":{"line":133,"column":4},"end":{"line":162,"column":null}},"55":{"start":{"line":134,"column":24},"end":{"line":142,"column":null}},"56":{"start":{"line":145,"column":6},"end":{"line":157,"column":null}},"57":{"start":{"line":146,"column":8},"end":{"line":146,"column":null}},"58":{"start":{"line":146,"column":34},"end":{"line":146,"column":null}},"59":{"start":{"line":147,"column":8},"end":{"line":151,"column":null}},"60":{"start":{"line":153,"column":8},"end":{"line":156,"column":null}},"61":{"start":{"line":159,"column":6},"end":{"line":159,"column":null}},"62":{"start":{"line":159,"column":32},"end":{"line":159,"column":null}},"63":{"start":{"line":161,"column":6},"end":{"line":161,"column":null}},"64":{"start":{"line":165,"column":28},"end":{"line":167,"column":null}},"65":{"start":{"line":166,"column":4},"end":{"line":166,"column":null}},"66":{"start":{"line":169,"column":27},"end":{"line":171,"column":null}},"67":{"start":{"line":170,"column":4},"end":{"line":170,"column":null}},"68":{"start":{"line":173,"column":2},"end":{"line":173,"column":null}},"69":{"start":{"line":173,"column":15},"end":{"line":173,"column":null}},"70":{"start":{"line":175,"column":26},"end":{"line":180,"column":null}},"71":{"start":{"line":176,"column":4},"end":{"line":176,"column":null}},"72":{"start":{"line":177,"column":4},"end":{"line":177,"column":null}},"73":{"start":{"line":178,"column":4},"end":{"line":178,"column":null}},"74":{"start":{"line":179,"column":4},"end":{"line":179,"column":null}},"75":{"start":{"line":182,"column":29},"end":{"line":186,"column":null}},"76":{"start":{"line":183,"column":23},"end":{"line":183,"column":null}},"77":{"start":{"line":184,"column":4},"end":{"line":184,"column":null}},"78":{"start":{"line":185,"column":4},"end":{"line":185,"column":null}},"79":{"start":{"line":188,"column":29},"end":{"line":194,"column":null}},"80":{"start":{"line":189,"column":4},"end":{"line":193,"column":null}},"81":{"start":{"line":190,"column":6},"end":{"line":190,"column":null}},"82":{"start":{"line":192,"column":6},"end":{"line":192,"column":null}},"83":{"start":{"line":196,"column":27},"end":{"line":267,"column":null}},"84":{"start":{"line":197,"column":4},"end":{"line":266,"column":null}},"85":{"start":{"line":198,"column":30},"end":{"line":206,"column":null}},"86":{"start":{"line":201,"column":59},"end":{"line":204,"column":null}},"87":{"start":{"line":208,"column":6},"end":{"line":216,"column":null}},"88":{"start":{"line":209,"column":8},"end":{"line":209,"column":null}},"89":{"start":{"line":209,"column":34},"end":{"line":209,"column":null}},"90":{"start":{"line":210,"column":8},"end":{"line":214,"column":null}},"91":{"start":{"line":215,"column":8},"end":{"line":215,"column":null}},"92":{"start":{"line":218,"column":62},"end":{"line":218,"column":null}},"93":{"start":{"line":220,"column":6},"end":{"line":220,"column":null}},"94":{"start":{"line":221,"column":6},"end":{"line":221,"column":null}},"95":{"start":{"line":223,"column":6},"end":{"line":258,"column":null}},"96":{"start":{"line":224,"column":8},"end":{"line":229,"column":null}},"97":{"start":{"line":231,"column":8},"end":{"line":241,"column":null}},"98":{"start":{"line":232,"column":25},"end":{"line":232,"column":null}},"99":{"start":{"line":233,"column":31},"end":{"line":233,"column":null}},"100":{"start":{"line":234,"column":26},"end":{"line":234,"column":null}},"101":{"start":{"line":236,"column":10},"end":{"line":239,"column":null}},"102":{"start":{"line":243,"column":8},"end":{"line":245,"column":null}},"103":{"start":{"line":244,"column":10},"end":{"line":244,"column":null}},"104":{"start":{"line":247,"column":8},"end":{"line":250,"column":null}},"105":{"start":{"line":251,"column":8},"end":{"line":251,"column":null}},"106":{"start":{"line":253,"column":8},"end":{"line":257,"column":null}},"107":{"start":{"line":260,"column":6},"end":{"line":260,"column":null}},"108":{"start":{"line":260,"column":32},"end":{"line":260,"column":null}},"109":{"start":{"line":261,"column":6},"end":{"line":265,"column":null}},"110":{"start":{"line":269,"column":22},"end":{"line":278,"column":null}},"111":{"start":{"line":270,"column":4},"end":{"line":270,"column":null}},"112":{"start":{"line":271,"column":4},"end":{"line":271,"column":null}},"113":{"start":{"line":272,"column":4},"end":{"line":272,"column":null}},"114":{"start":{"line":273,"column":4},"end":{"line":273,"column":null}},"115":{"start":{"line":274,"column":4},"end":{"line":274,"column":null}},"116":{"start":{"line":275,"column":4},"end":{"line":275,"column":null}},"117":{"start":{"line":276,"column":4},"end":{"line":276,"column":null}},"118":{"start":{"line":277,"column":4},"end":{"line":277,"column":null}},"119":{"start":{"line":280,"column":19},"end":{"line":280,"column":null}},"120":{"start":{"line":281,"column":23},"end":{"line":281,"column":null}},"121":{"start":{"line":283,"column":26},"end":{"line":283,"column":57}},"122":{"start":{"line":284,"column":16},"end":{"line":284,"column":null}},"123":{"start":{"line":285,"column":30},"end":{"line":285,"column":null}},"124":{"start":{"line":287,"column":2},"end":{"line":491,"column":null}},"125":{"start":{"line":298,"column":33},"end":{"line":298,"column":null}},"126":{"start":{"line":347,"column":37},"end":{"line":347,"column":null}},"127":{"start":{"line":375,"column":28},"end":{"line":375,"column":null}},"128":{"start":{"line":376,"column":32},"end":{"line":376,"column":null}},"129":{"start":{"line":409,"column":20},"end":{"line":410,"column":null}},"130":{"start":{"line":416,"column":37},"end":{"line":416,"column":null}},"131":{"start":{"line":429,"column":31},"end":{"line":429,"column":null}},"132":{"start":{"line":480,"column":20},"end":{"line":480,"column":null}},"133":{"start":{"line":481,"column":20},"end":{"line":481,"column":null}},"134":{"start":{"line":482,"column":20},"end":{"line":482,"column":null}},"135":{"start":{"line":483,"column":20},"end":{"line":483,"column":null}}},"fnMap":{"0":{"name":"(anonymous_0)","decl":{"start":{"line":48,"column":27},"end":{"line":48,"column":28}},"loc":{"start":{"line":48,"column":116},"end":{"line":500,"column":1}}},"1":{"name":"(anonymous_1)","decl":{"start":{"line":62,"column":12},"end":{"line":62,"column":null}},"loc":{"start":{"line":62,"column":12},"end":{"line":69,"column":5}}},"2":{"name":"(anonymous_2)","decl":{"start":{"line":71,"column":12},"end":{"line":71,"column":null}},"loc":{"start":{"line":71,"column":12},"end":{"line":76,"column":5}}},"3":{"name":"(anonymous_3)","decl":{"start":{"line":78,"column":24},"end":{"line":78,"column":null}},"loc":{"start":{"line":78,"column":24},"end":{"line":106,"column":null}}},"4":{"name":"(anonymous_4)","decl":{"start":{"line":93,"column":52},"end":{"line":93,"column":58}},"loc":{"start":{"line":93,"column":58},"end":{"line":97,"column":null}}},"5":{"name":"(anonymous_5)","decl":{"start":{"line":108,"column":20},"end":{"line":108,"column":null}},"loc":{"start":{"line":108,"column":20},"end":{"line":127,"column":null}}},"6":{"name":"(anonymous_6)","decl":{"start":{"line":129,"column":20},"end":{"line":129,"column":null}},"loc":{"start":{"line":129,"column":20},"end":{"line":163,"column":null}}},"7":{"name":"(anonymous_7)","decl":{"start":{"line":165,"column":40},"end":{"line":165,"column":41}},"loc":{"start":{"line":165,"column":41},"end":{"line":167,"column":5}}},"8":{"name":"(anonymous_8)","decl":{"start":{"line":169,"column":39},"end":{"line":169,"column":null}},"loc":{"start":{"line":169,"column":39},"end":{"line":171,"column":5}}},"9":{"name":"(anonymous_9)","decl":{"start":{"line":175,"column":26},"end":{"line":175,"column":null}},"loc":{"start":{"line":175,"column":26},"end":{"line":180,"column":null}}},"10":{"name":"(anonymous_10)","decl":{"start":{"line":182,"column":29},"end":{"line":182,"column":30}},"loc":{"start":{"line":182,"column":30},"end":{"line":186,"column":null}}},"11":{"name":"(anonymous_11)","decl":{"start":{"line":188,"column":29},"end":{"line":188,"column":null}},"loc":{"start":{"line":188,"column":29},"end":{"line":194,"column":null}}},"12":{"name":"(anonymous_12)","decl":{"start":{"line":196,"column":27},"end":{"line":196,"column":null}},"loc":{"start":{"line":196,"column":27},"end":{"line":267,"column":null}}},"13":{"name":"(anonymous_13)","decl":{"start":{"line":201,"column":39},"end":{"line":201,"column":40}},"loc":{"start":{"line":201,"column":59},"end":{"line":204,"column":null}}},"14":{"name":"(anonymous_14)","decl":{"start":{"line":269,"column":22},"end":{"line":269,"column":null}},"loc":{"start":{"line":269,"column":22},"end":{"line":278,"column":null}}},"15":{"name":"(anonymous_15)","decl":{"start":{"line":298,"column":27},"end":{"line":298,"column":33}},"loc":{"start":{"line":298,"column":33},"end":{"line":298,"column":null}}},"16":{"name":"(anonymous_16)","decl":{"start":{"line":347,"column":31},"end":{"line":347,"column":37}},"loc":{"start":{"line":347,"column":37},"end":{"line":347,"column":null}}},"17":{"name":"(anonymous_17)","decl":{"start":{"line":375,"column":21},"end":{"line":375,"column":22}},"loc":{"start":{"line":375,"column":28},"end":{"line":375,"column":null}}},"18":{"name":"(anonymous_18)","decl":{"start":{"line":376,"column":25},"end":{"line":376,"column":26}},"loc":{"start":{"line":376,"column":32},"end":{"line":376,"column":null}}},"19":{"name":"(anonymous_19)","decl":{"start":{"line":408,"column":47},"end":{"line":408,"column":48}},"loc":{"start":{"line":409,"column":20},"end":{"line":410,"column":null}}},"20":{"name":"(anonymous_20)","decl":{"start":{"line":416,"column":31},"end":{"line":416,"column":37}},"loc":{"start":{"line":416,"column":37},"end":{"line":416,"column":null}}},"21":{"name":"(anonymous_21)","decl":{"start":{"line":429,"column":25},"end":{"line":429,"column":31}},"loc":{"start":{"line":429,"column":31},"end":{"line":429,"column":null}}},"22":{"name":"(anonymous_22)","decl":{"start":{"line":479,"column":27},"end":{"line":479,"column":null}},"loc":{"start":{"line":479,"column":27},"end":{"line":484,"column":null}}}},"branchMap":{"0":{"loc":{"start":{"line":63,"column":4},"end":{"line":68,"column":null}},"type":"if","locations":[{"start":{"line":63,"column":4},"end":{"line":68,"column":null}},{"start":{},"end":{}}]},"1":{"loc":{"start":{"line":63,"column":8},"end":{"line":63,"column":30}},"type":"binary-expr","locations":[{"start":{"line":63,"column":8},"end":{"line":63,"column":22}},{"start":{"line":63,"column":22},"end":{"line":63,"column":30}}]},"2":{"loc":{"start":{"line":65,"column":6},"end":{"line":67,"column":null}},"type":"if","locations":[{"start":{"line":65,"column":6},"end":{"line":67,"column":null}},{"start":{},"end":{}}]},"3":{"loc":{"start":{"line":72,"column":4},"end":{"line":75,"column":null}},"type":"if","locations":[{"start":{"line":72,"column":4},"end":{"line":75,"column":null}},{"start":{},"end":{}}]},"4":{"loc":{"start":{"line":79,"column":4},"end":{"line":79,"column":null}},"type":"if","locations":[{"start":{"line":79,"column":4},"end":{"line":79,"column":null}},{"start":{},"end":{}}]},"5":{"loc":{"start":{"line":89,"column":6},"end":{"line":99,"column":null}},"type":"if","locations":[{"start":{"line":89,"column":6},"end":{"line":99,"column":null}},{"start":{"line":92,"column":13},"end":{"line":99,"column":null}}]},"6":{"loc":{"start":{"line":90,"column":8},"end":{"line":90,"column":null}},"type":"if","locations":[{"start":{"line":90,"column":8},"end":{"line":90,"column":null}},{"start":{},"end":{}}]},"7":{"loc":{"start":{"line":93,"column":36},"end":{"line":93,"column":46}},"type":"binary-expr","locations":[{"start":{"line":93,"column":36},"end":{"line":93,"column":44}},{"start":{"line":93,"column":44},"end":{"line":93,"column":46}}]},"8":{"loc":{"start":{"line":101,"column":6},"end":{"line":101,"column":null}},"type":"if","locations":[{"start":{"line":101,"column":6},"end":{"line":101,"column":null}},{"start":{},"end":{}}]},"9":{"loc":{"start":{"line":109,"column":4},"end":{"line":109,"column":null}},"type":"if","locations":[{"start":{"line":109,"column":4},"end":{"line":109,"column":null}},{"start":{},"end":{}}]},"10":{"loc":{"start":{"line":109,"column":8},"end":{"line":109,"column":28}},"type":"binary-expr","locations":[{"start":{"line":109,"column":8},"end":{"line":109,"column":19}},{"start":{"line":109,"column":19},"end":{"line":109,"column":28}}]},"11":{"loc":{"start":{"line":119,"column":6},"end":{"line":123,"column":null}},"type":"if","locations":[{"start":{"line":119,"column":6},"end":{"line":123,"column":null}},{"start":{"line":121,"column":13},"end":{"line":123,"column":null}}]},"12":{"loc":{"start":{"line":119,"column":10},"end":{"line":119,"column":46}},"type":"binary-expr","locations":[{"start":{"line":119,"column":10},"end":{"line":119,"column":19}},{"start":{"line":119,"column":19},"end":{"line":119,"column":46}}]},"13":{"loc":{"start":{"line":120,"column":8},"end":{"line":120,"column":null}},"type":"if","locations":[{"start":{"line":120,"column":8},"end":{"line":120,"column":null}},{"start":{},"end":{}}]},"14":{"loc":{"start":{"line":121,"column":13},"end":{"line":123,"column":null}},"type":"if","locations":[{"start":{"line":121,"column":13},"end":{"line":123,"column":null}},{"start":{},"end":{}}]},"15":{"loc":{"start":{"line":122,"column":17},"end":{"line":122,"column":null}},"type":"binary-expr","locations":[{"start":{"line":122,"column":17},"end":{"line":122,"column":29}},{"start":{"line":122,"column":33},"end":{"line":122,"column":null}}]},"16":{"loc":{"start":{"line":125,"column":6},"end":{"line":125,"column":null}},"type":"if","locations":[{"start":{"line":125,"column":6},"end":{"line":125,"column":null}},{"start":{},"end":{}}]},"17":{"loc":{"start":{"line":130,"column":4},"end":{"line":130,"column":null}},"type":"if","locations":[{"start":{"line":130,"column":4},"end":{"line":130,"column":null}},{"start":{},"end":{}}]},"18":{"loc":{"start":{"line":130,"column":8},"end":{"line":130,"column":28}},"type":"binary-expr","locations":[{"start":{"line":130,"column":8},"end":{"line":130,"column":19}},{"start":{"line":130,"column":19},"end":{"line":130,"column":28}}]},"19":{"loc":{"start":{"line":145,"column":6},"end":{"line":157,"column":null}},"type":"if","locations":[{"start":{"line":145,"column":6},"end":{"line":157,"column":null}},{"start":{"line":152,"column":13},"end":{"line":157,"column":null}}]},"20":{"loc":{"start":{"line":146,"column":8},"end":{"line":146,"column":null}},"type":"if","locations":[{"start":{"line":146,"column":8},"end":{"line":146,"column":null}},{"start":{},"end":{}}]},"21":{"loc":{"start":{"line":159,"column":6},"end":{"line":159,"column":null}},"type":"if","locations":[{"start":{"line":159,"column":6},"end":{"line":159,"column":null}},{"start":{},"end":{}}]},"22":{"loc":{"start":{"line":173,"column":2},"end":{"line":173,"column":null}},"type":"if","locations":[{"start":{"line":173,"column":2},"end":{"line":173,"column":null}},{"start":{},"end":{}}]},"23":{"loc":{"start":{"line":189,"column":4},"end":{"line":193,"column":null}},"type":"if","locations":[{"start":{"line":189,"column":4},"end":{"line":193,"column":null}},{"start":{"line":191,"column":11},"end":{"line":193,"column":null}}]},"24":{"loc":{"start":{"line":208,"column":6},"end":{"line":216,"column":null}},"type":"if","locations":[{"start":{"line":208,"column":6},"end":{"line":216,"column":null}},{"start":{},"end":{}}]},"25":{"loc":{"start":{"line":209,"column":8},"end":{"line":209,"column":null}},"type":"if","locations":[{"start":{"line":209,"column":8},"end":{"line":209,"column":null}},{"start":{},"end":{}}]},"26":{"loc":{"start":{"line":223,"column":6},"end":{"line":258,"column":null}},"type":"if","locations":[{"start":{"line":223,"column":6},"end":{"line":258,"column":null}},{"start":{"line":252,"column":13},"end":{"line":258,"column":null}}]},"27":{"loc":{"start":{"line":231,"column":8},"end":{"line":241,"column":null}},"type":"if","locations":[{"start":{"line":231,"column":8},"end":{"line":241,"column":null}},{"start":{},"end":{}}]},"28":{"loc":{"start":{"line":233,"column":31},"end":{"line":233,"column":null}},"type":"cond-expr","locations":[{"start":{"line":233,"column":47},"end":{"line":233,"column":52}},{"start":{"line":233,"column":52},"end":{"line":233,"column":null}}]},"29":{"loc":{"start":{"line":238,"column":12},"end":{"line":238,"column":null}},"type":"cond-expr","locations":[{"start":{"line":238,"column":28},"end":{"line":238,"column":61}},{"start":{"line":238,"column":61},"end":{"line":238,"column":null}}]},"30":{"loc":{"start":{"line":243,"column":8},"end":{"line":245,"column":null}},"type":"if","locations":[{"start":{"line":243,"column":8},"end":{"line":245,"column":null}},{"start":{},"end":{}}]},"31":{"loc":{"start":{"line":260,"column":6},"end":{"line":260,"column":null}},"type":"if","locations":[{"start":{"line":260,"column":6},"end":{"line":260,"column":null}},{"start":{},"end":{}}]},"32":{"loc":{"start":{"line":280,"column":19},"end":{"line":280,"column":null}},"type":"binary-expr","locations":[{"start":{"line":280,"column":19},"end":{"line":280,"column":40}},{"start":{"line":280,"column":40},"end":{"line":280,"column":null}}]},"33":{"loc":{"start":{"line":281,"column":23},"end":{"line":281,"column":null}},"type":"binary-expr","locations":[{"start":{"line":281,"column":23},"end":{"line":281,"column":48}},{"start":{"line":281,"column":48},"end":{"line":281,"column":null}}]},"34":{"loc":{"start":{"line":284,"column":16},"end":{"line":284,"column":null}},"type":"binary-expr","locations":[{"start":{"line":284,"column":16},"end":{"line":284,"column":37}},{"start":{"line":284,"column":37},"end":{"line":284,"column":null}}]},"35":{"loc":{"start":{"line":285,"column":30},"end":{"line":285,"column":null}},"type":"binary-expr","locations":[{"start":{"line":285,"column":30},"end":{"line":285,"column":58}},{"start":{"line":285,"column":58},"end":{"line":285,"column":null}}]},"36":{"loc":{"start":{"line":289,"column":129},"end":{"line":289,"column":181}},"type":"cond-expr","locations":[{"start":{"line":289,"column":154},"end":{"line":289,"column":168}},{"start":{"line":289,"column":168},"end":{"line":289,"column":181}}]},"37":{"loc":{"start":{"line":289,"column":129},"end":{"line":289,"column":154}},"type":"binary-expr","locations":[{"start":{"line":289,"column":129},"end":{"line":289,"column":142}},{"start":{"line":289,"column":142},"end":{"line":289,"column":154}}]},"38":{"loc":{"start":{"line":294,"column":15},"end":{"line":303,"column":null}},"type":"binary-expr","locations":[{"start":{"line":294,"column":15},"end":{"line":294,"column":25}},{"start":{"line":294,"column":25},"end":{"line":294,"column":null}},{"start":{"line":295,"column":16},"end":{"line":303,"column":null}}]},"39":{"loc":{"start":{"line":299,"column":74},"end":{"line":299,"column":110}},"type":"cond-expr","locations":[{"start":{"line":299,"column":86},"end":{"line":299,"column":106}},{"start":{"line":299,"column":106},"end":{"line":299,"column":110}}]},"40":{"loc":{"start":{"line":303,"column":19},"end":{"line":303,"column":null}},"type":"binary-expr","locations":[{"start":{"line":303,"column":19},"end":{"line":303,"column":33}},{"start":{"line":303,"column":33},"end":{"line":303,"column":null}}]},"41":{"loc":{"start":{"line":303,"column":33},"end":{"line":303,"column":null}},"type":"cond-expr","locations":[{"start":{"line":303,"column":45},"end":{"line":303,"column":90}},{"start":{"line":303,"column":89},"end":{"line":303,"column":null}}]},"42":{"loc":{"start":{"line":309,"column":13},"end":{"line":309,"column":null}},"type":"binary-expr","locations":[{"start":{"line":309,"column":13},"end":{"line":309,"column":36}},{"start":{"line":309,"column":36},"end":{"line":309,"column":null}}]},"43":{"loc":{"start":{"line":313,"column":9},"end":{"line":364,"column":null}},"type":"binary-expr","locations":[{"start":{"line":313,"column":9},"end":{"line":313,"column":null}},{"start":{"line":314,"column":10},"end":{"line":364,"column":null}}]},"44":{"loc":{"start":{"line":314,"column":29},"end":{"line":314,"column":95}},"type":"cond-expr","locations":[{"start":{"line":314,"column":54},"end":{"li
[...]
e":539,"column":null}}]},"32":{"loc":{"start":{"line":540,"column":23},"end":{"line":540,"column":null}},"type":"binary-expr","locations":[{"start":{"line":540,"column":23},"end":{"line":540,"column":38}},{"start":{"line":540,"column":38},"end":{"line":540,"column":null}}]},"33":{"loc":{"start":{"line":541,"column":24},"end":{"line":541,"column":null}},"type":"binary-expr","locations":[{"start":{"line":541,"column":24},"end":{"line":541,"column":47}},{"start":{"line":541,"column":47},"end":{"line":541,"column":null}}]},"34":{"loc":{"start":{"line":542,"column":26},"end":{"line":542,"column":null}},"type":"binary-expr","locations":[{"start":{"line":542,"column":26},"end":{"line":542,"column":47}},{"start":{"line":542,"column":47},"end":{"line":542,"column":null}}]},"35":{"loc":{"start":{"line":566,"column":16},"end":{"line":566,"column":null}},"type":"binary-expr","locations":[{"start":{"line":566,"column":16},"end":{"line":566,"column":28}},{"start":{"line":566,"column":28},"end":{"line":566,"column":null}}]},"36":{"loc":{"start":{"line":567,"column":19},"end":{"line":567,"column":null}},"type":"binary-expr","locations":[{"start":{"line":567,"column":19},"end":{"line":567,"column":34}},{"start":{"line":567,"column":34},"end":{"line":567,"column":null}}]},"37":{"loc":{"start":{"line":570,"column":7},"end":{"line":572,"column":null}},"type":"binary-expr","locations":[{"start":{"line":570,"column":7},"end":{"line":570,"column":15}},{"start":{"line":570,"column":15},"end":{"line":570,"column":null}},{"start":{"line":571,"column":8},"end":{"line":572,"column":null}}]},"38":{"loc":{"start":{"line":576,"column":7},"end":{"line":578,"column":null}},"type":"binary-expr","locations":[{"start":{"line":576,"column":7},"end":{"line":576,"column":15}},{"start":{"line":576,"column":15},"end":{"line":576,"column":null}},{"start":{"line":577,"column":8},"end":{"line":578,"column":null}}]}},"s":{"0":1,"1":68,"2":68,"3":68,"4":68,"5":68,"6":68,"7":68,"8":68,"9":68,"10":68,"11":68,"12":68,"13":68,"14":68,"15":68,"16":68,"17":68,"18":68,"19":12,"20":0,"21":12,"22":12,"23":68,"24":68,"25":12,"26":1,"27":68,"28":12,"29":11,"30":68,"31":12,"32":68,"33":36,"34":12,"35":68,"36":24,"37":11,"38":68,"39":11,"40":0,"41":11,"42":11,"43":11,"44":0,"45":11,"46":11,"47":0,"48":68,"49":12,"50":12,"51":12,"52":0,"53":12,"54":0,"55":68,"56":12,"57":0,"58":12,"59":12,"60":12,"61":12,"62":0,"63":0,"64":0,"65":12,"66":12,"67":0,"68":0,"69":12,"70":12,"71":12,"72":12,"73":12,"74":12,"75":12,"76":0,"77":0,"78":0,"79":0,"80":0,"81":0,"82":0,"83":12,"84":12,"85":0,"86":12,"87":68,"88":3,"89":3,"90":68,"91":2,"92":1,"93":1,"94":1,"95":1,"96":1,"97":68,"98":2,"99":2,"100":1,"101":1,"102":68,"103":21,"104":68,"105":68,"106":49,"107":19,"108":0,"109":0,"110":1,"111":1,"112":1,"113":1,"114":1,"115":1,"116":0,"117":0,"118":0,"119":0,"120":0,"121":0,"122":0,"123":0,"124":0,"125":0,"126":0,"127":0,"128":0,"129":0},"f":{"0":68,"1":12,"2":0,"3":12,"4":12,"5":12,"6":12,"7":36,"8":24,"9":11,"10":12,"11":12,"12":12,"13":12,"14":0,"15":3,"16":2,"17":2,"18":21,"19":0,"20":0,"21":1,"22":1,"23":1,"24":1,"25":1,"26":1,"27":0,"28":0,"29":0,"30":0,"31":0,"32":0,"33":0,"34":0,"35":0,"36":0},"b":{"0":[1,11],"1":[12,11],"2":[11,1],"3":[12,24],"4":[36,24],"5":[11,13],"6":[24,12],"7":[0,11],"8":[0,11],"9":[11,0],"10":[11,0],"11":[0,12],"12":[12,0],"13":[0,12],"14":[0,12],"15":[0,12],"16":[12,0],"17":[12,0],"18":[12,0],"19":[0,0],"20":[0,0],"21":[3,0],"22":[1,1],"23":[1,1],"24":[49,19],"25":[68,20],"26":[19,18],"27":[2,17],"28":[1,18],"29":[19,18],"30":[19,1],"31":[1,0,0],"32":[1,0],"33":[1,1],"34":[1,1],"35":[19,0],"36":[19,0],"37":[19,19,2],"38":[19,19,1]}}
,"C:/Users/Gabriel-Nitro/Documents/Capacitajun/trilha-eletronjun/src/pages/Landing.tsx": {"path":"C:/Users/Gabriel-Nitro/Documents/Capacitajun/trilha-eletronjun/src/pages/Landing.tsx","statementMap":{"0":{"start":{"line":17,"column":16},"end":{"line":297,"column":null}},"1":{"start":{"line":18,"column":19},"end":{"line":18,"column":null}},"2":{"start":{"line":20,"column":22},"end":{"line":22,"column":null}},"3":{"start":{"line":21,"column":4},"end":{"line":21,"column":null}},"4":{"start":{"line":24,"column":19},"end":{"line":48,"column":null}},"5":{"start":{"line":50,"column":21},"end":{"line":50,"column":null}},"6":{"start":{"line":52,"column":22},"end":{"line":78,"column":null}},"7":{"start":{"line":80,"column":2},"end":{"line":290,"column":null}},"8":{"start":{"line":157,"column":12},"end":{"line":158,"column":null}}},"fnMap":{"0":{"name":"(anonymous_0)","decl":{"start":{"line":17,"column":16},"end":{"line":17,"column":null}},"loc":{"start":{"line":17,"column":16},"end":{"line":297,"column":null}}},"1":{"name":"(anonymous_1)","decl":{"start":{"line":20,"column":22},"end":{"line":20,"column":null}},"loc":{"start":{"line":20,"column":22},"end":{"line":22,"column":null}}},"2":{"name":"(anonymous_2)","decl":{"start":{"line":156,"column":24},"end":{"line":156,"column":25}},"loc":{"start":{"line":157,"column":12},"end":{"line":158,"column":null}}}},"branchMap":{},"s":{"0":0,"1":0,"2":0,"3":0,"4":0,"5":0,"6":0,"7":0,"8":0},"f":{"0":0,"1":0,"2":0},"b":{}}
,"C:/Users/Gabriel-Nitro/Documents/Capacitajun/trilha-eletronjun/src/pages/NotFound.tsx": {"path":"C:/Users/Gabriel-Nitro/Documents/Capacitajun/trilha-eletronjun/src/pages/NotFound.tsx","statementMap":{"0":{"start":{"line":4,"column":17},"end":{"line":25,"column":null}},"1":{"start":{"line":5,"column":19},"end":{"line":5,"column":null}},"2":{"start":{"line":7,"column":2},"end":{"line":12,"column":null}},"3":{"start":{"line":8,"column":4},"end":{"line":10,"column":null}},"4":{"start":{"line":14,"column":2},"end":{"line":19,"column":null}}},"fnMap":{"0":{"name":"(anonymous_0)","decl":{"start":{"line":4,"column":17},"end":{"line":4,"column":null}},"loc":{"start":{"line":4,"column":17},"end":{"line":25,"column":null}}},"1":{"name":"(anonymous_1)","decl":{"start":{"line":7,"column":12},"end":{"line":7,"column":null}},"loc":{"start":{"line":7,"column":12},"end":{"line":12,"column":5}}}},"branchMap":{},"s":{"0":0,"1":0,"2":0,"3":0,"4":0},"f":{"0":0,"1":0},"b":{}}
,"C:/Users/Gabriel-Nitro/Documents/Capacitajun/trilha-eletronjun/src/pages/ResetPassword.tsx": {"path":"C:/Users/Gabriel-Nitro/Documents/Capacitajun/trilha-eletronjun/src/pages/ResetPassword.tsx","statementMap":{"0":{"start":{"line":27,"column":28},"end":{"line":33,"column":null}},"1":{"start":{"line":30,"column":20},"end":{"line":30,"column":58}},"2":{"start":{"line":37,"column":22},"end":{"line":221,"column":null}},"3":{"start":{"line":38,"column":42},"end":{"line":38,"column":null}},"4":{"start":{"line":39,"column":56},"end":{"line":39,"column":null}},"5":{"start":{"line":40,"column":36},"end":{"line":40,"column":null}},"6":{"start":{"line":41,"column":19},"end":{"line":41,"column":null}},"7":{"start":{"line":42,"column":20},"end":{"line":42,"column":null}},"8":{"start":{"line":44,"column":15},"end":{"line":46,"column":null}},"9":{"start":{"line":48,"column":2},"end":{"line":62,"column":null}},"10":{"start":{"line":50,"column":25},"end":{"line":60,"column":null}},"11":{"start":{"line":51,"column":36},"end":{"line":51,"column":null}},"12":{"start":{"line":52,"column":6},"end":{"line":59,"column":null}},"13":{"start":{"line":53,"column":8},"end":{"line":57,"column":null}},"14":{"start":{"line":58,"column":8},"end":{"line":58,"column":null}},"15":{"start":{"line":61,"column":4},"end":{"line":61,"column":null}},"16":{"start":{"line":64,"column":19},"end":{"line":92,"column":null}},"17":{"start":{"line":65,"column":4},"end":{"line":65,"column":null}},"18":{"start":{"line":66,"column":4},"end":{"line":90,"column":null}},"19":{"start":{"line":67,"column":24},"end":{"line":69,"column":null}},"20":{"start":{"line":71,"column":6},"end":{"line":83,"column":null}},"21":{"start":{"line":72,"column":8},"end":{"line":76,"column":null}},"22":{"start":{"line":78,"column":8},"end":{"line":81,"column":null}},"23":{"start":{"line":82,"column":8},"end":{"line":82,"column":null}},"24":{"start":{"line":85,"column":6},"end":{"line":89,"column":null}},"25":{"start":{"line":91,"column":4},"end":{"line":91,"column":null}},"26":{"start":{"line":94,"column":2},"end":{"line":212,"column":null}},"27":{"start":{"line":102,"column":29},"end":{"line":102,"column":null}},"28":{"start":{"line":147,"column":20},"end":{"line":171,"column":null}},"29":{"start":{"line":161,"column":43},"end":{"line":161,"column":null}},"30":{"start":{"line":179,"column":20},"end":{"line":203,"column":null}},"31":{"start":{"line":193,"column":43},"end":{"line":193,"column":null}}},"fnMap":{"0":{"name":"(anonymous_0)","decl":{"start":{"line":30,"column":10},"end":{"line":30,"column":11}},"loc":{"start":{"line":30,"column":20},"end":{"line":30,"column":58}}},"1":{"name":"(anonymous_1)","decl":{"start":{"line":37,"column":22},"end":{"line":37,"column":null}},"loc":{"start":{"line":37,"column":22},"end":{"line":221,"column":null}}},"2":{"name":"(anonymous_2)","decl":{"start":{"line":48,"column":12},"end":{"line":48,"column":null}},"loc":{"start":{"line":48,"column":12},"end":{"line":62,"column":5}}},"3":{"name":"(anonymous_3)","decl":{"start":{"line":50,"column":25},"end":{"line":50,"column":null}},"loc":{"start":{"line":50,"column":25},"end":{"line":60,"column":null}}},"4":{"name":"(anonymous_4)","decl":{"start":{"line":64,"column":19},"end":{"line":64,"column":26}},"loc":{"start":{"line":64,"column":26},"end":{"line":92,"column":null}}},"5":{"name":"(anonymous_5)","decl":{"start":{"line":102,"column":23},"end":{"line":102,"column":29}},"loc":{"start":{"line":102,"column":29},"end":{"line":102,"column":null}}},"6":{"name":"(anonymous_6)","decl":{"start":{"line":146,"column":26},"end":{"line":146,"column":27}},"loc":{"start":{"line":147,"column":20},"end":{"line":171,"column":null}}},"7":{"name":"(anonymous_7)","decl":{"start":{"line":161,"column":37},"end":{"line":161,"column":43}},"loc":{"start":{"line":161,"column":43},"end":{"line":161,"column":null}}},"8":{"name":"(anonymous_8)","decl":{"start":{"line":178,"column":26},"end":{"line":178,"column":27}},"loc":{"start":{"line":179,"column":20},"end":{"line":203,"column":null}}},"9":{"name":"(anonymous_9)","decl":{"start":{"line":193,"column":37},"end":{"line":193,"column":43}},"loc":{"start":{"line":193,"column":43},"end":{"line":193,"column":null}}}},"branchMap":{"0":{"loc":{"start":{"line":52,"column":6},"end":{"line":59,"column":null}},"type":"if","locations":[{"start":{"line":52,"column":6},"end":{"line":59,"column":null}},{"start":{},"end":{}}]},"1":{"loc":{"start":{"line":71,"column":6},"end":{"line":83,"column":null}},"type":"if","locations":[{"start":{"line":71,"column":6},"end":{"line":83,"column":null}},{"start":{"line":77,"column":13},"end":{"line":83,"column":null}}]},"2":{"loc":{"start":{"line":152,"column":34},"end":{"line":152,"column":null}},"type":"cond-expr","locations":[{"start":{"line":152,"column":49},"end":{"line":152,"column":58}},{"start":{"line":152,"column":58},"end":{"line":152,"column":null}}]},"3":{"loc":{"start":{"line":163,"column":29},"end":{"line":166,"column":null}},"type":"cond-expr","locations":[{"start":{"line":164,"column":30},"end":{"line":166,"column":31}},{"start":{"line":166,"column":30},"end":{"line":166,"column":null}}]},"4":{"loc":{"start":{"line":184,"column":34},"end":{"line":184,"column":null}},"type":"cond-expr","locations":[{"start":{"line":184,"column":56},"end":{"line":184,"column":65}},{"start":{"line":184,"column":65},"end":{"line":184,"column":null}}]},"5":{"loc":{"start":{"line":195,"column":29},"end":{"line":198,"column":null}},"type":"cond-expr","locations":[{"start":{"line":196,"column":30},"end":{"line":198,"column":31}},{"start":{"line":198,"column":30},"end":{"line":198,"column":null}}]},"6":{"loc":{"start":{"line":212,"column":19},"end":{"line":212,"column":null}},"type":"cond-expr","locations":[{"start":{"line":212,"column":31},"end":{"line":212,"column":50}},{"start":{"line":212,"column":50},"end":{"line":212,"column":null}}]}},"s":{"0":0,"1":0,"2":0,"3":0,"4":0,"5":0,"6":0,"7":0,"8":0,"9":0,"10":0,"11":0,"12":0,"13":0,"14":0,"15":0,"16":0,"17":0,"18":0,"19":0,"20":0,"21":0,"22":0,"23":0,"24":0,"25":0,"26":0,"27":0,"28":0,"29":0,"30":0,"31":0},"f":{"0":0,"1":0,"2":0,"3":0,"4":0,"5":0,"6":0,"7":0,"8":0,"9":0},"b":{"0":[0,0],"1":[0,0],"2":[0,0],"3":[0,0],"4":[0,0],"5":[0,0],"6":[0,0]}}
,"C:/Users/Gabriel-Nitro/Documents/Capacitajun/trilha-eletronjun/src/services/cafeService.ts": {"path":"C:/Users/Gabriel-Nitro/Documents/Capacitajun/trilha-eletronjun/src/services/cafeService.ts","statementMap":{"0":{"start":{"line":4,"column":27},"end":{"line":116,"column":2}},"1":{"start":{"line":6,"column":31},"end":{"line":6,"column":null}},"2":{"start":{"line":7,"column":4},"end":{"line":7,"column":null}},"3":{"start":{"line":7,"column":15},"end":{"line":7,"column":null}},"4":{"start":{"line":9,"column":28},"end":{"line":18,"column":null}},"5":{"start":{"line":20,"column":4},"end":{"line":23,"column":null}},"6":{"start":{"line":21,"column":6},"end":{"line":21,"column":null}},"7":{"start":{"line":21,"column":32},"end":{"line":21,"column":null}},"8":{"start":{"line":22,"column":6},"end":{"line":22,"column":null}},"9":{"start":{"line":25,"column":19},"end":{"line":25,"column":37}},"10":{"start":{"line":26,"column":4},"end":{"line":33,"column":null}},"11":{"start":{"line":37,"column":31},"end":{"line":37,"column":null}},"12":{"start":{"line":38,"column":4},"end":{"line":38,"column":null}},"13":{"start":{"line":38,"column":15},"end":{"line":38,"column":null}},"14":{"start":{"line":40,"column":28},"end":{"line":44,"column":null}},"15":{"start":{"line":46,"column":4},"end":{"line":49,"column":null}},"16":{"start":{"line":47,"column":6},"end":{"line":47,"column":null}},"17":{"start":{"line":47,"column":32},"end":{"line":47,"column":null}},"18":{"start":{"line":48,"column":6},"end":{"line":48,"column":null}},"19":{"start":{"line":51,"column":4},"end":{"line":61,"column":null}},"20":{"start":{"line":52,"column":21},"end":{"line":52,"column":41}},"21":{"start":{"line":53,"column":6},"end":{"line":60,"column":null}},"22":{"start":{"line":65,"column":22},"end":{"line":68,"column":null}},"23":{"start":{"line":70,"column":4},"end":{"line":73,"column":null}},"24":{"start":{"line":71,"column":6},"end":{"line":71,"column":null}},"25":{"start":{"line":71,"column":32},"end":{"line":71,"column":null}},"26":{"start":{"line":72,"column":6},"end":{"line":72,"column":null}},"27":{"start":{"line":75,"column":4},"end":{"line":75,"column":null}},"28":{"start":{"line":79,"column":31},"end":{"line":79,"column":null}},"29":{"start":{"line":80,"column":4},"end":{"line":80,"column":null}},"30":{"start":{"line":80,"column":15},"end":{"line":80,"column":null}},"31":{"start":{"line":82,"column":28},"end":{"line":91,"column":null}},"32":{"start":{"line":93,"column":4},"end":{"line":96,"column":null}},"33":{"start":{"line":94,"column":6},"end":{"line":94,"column":null}},"34":{"start":{"line":94,"column":32},"end":{"line":94,"column":null}},"35":{"start":{"line":95,"column":6},"end":{"line":95,"column":null}},"36":{"start":{"line":98,"column":4},"end":{"line":98,"column":null}},"37":{"start":{"line":102,"column":19},"end":{"line":102,"column":null}},"38":{"start":{"line":104,"column":22},"end":{"line":110,"column":null}},"39":{"start":{"line":112,"column":4},"end":{"line":114,"column":null}},"40":{"start":{"line":113,"column":6},"end":{"line":113,"column":null}}},"fnMap":{"0":{"name":"(anonymous_0)","decl":{"start":{"line":5,"column":2},"end":{"line":5,"column":8}},"loc":{"start":{"line":5,"column":51},"end":{"line":34,"column":null}}},"1":{"name":"(anonymous_1)","decl":{"start":{"line":36,"column":2},"end":{"line":36,"column":8}},"loc":{"start":{"line":36,"column":8},"end":{"line":62,"column":null}}},"2":{"name":"(anonymous_2)","decl":{"start":{"line":51,"column":20},"end":{"line":51,"column":null}},"loc":{"start":{"line":51,"column":20},"end":{"line":61,"column":null}}},"3":{"name":"(anonymous_3)","decl":{"start":{"line":64,"column":2},"end":{"line":64,"column":8}},"loc":{"start":{"line":64,"column":37},"end":{"line":76,"column":null}}},"4":{"name":"(anonymous_4)","decl":{"start":{"line":78,"column":2},"end":{"line":78,"column":8}},"loc":{"start":{"line":78,"column":40},"end":{"line":99,"column":null}}},"5":{"name":"(anonymous_5)","decl":{"start":{"line":101,"column":2},"end":{"line":101,"column":8}},"loc":{"start":{"line":101,"column":61},"end":{"line":115,"column":null}}}},"branchMap":{"0":{"loc":{"start":{"line":7,"column":4},"end":{"line":7,"column":null}},"type":"if","locations":[{"start":{"line":7,"column":4},"end":{"line":7,"column":null}},{"start":{},"end":{}}]},"1":{"loc":{"start":{"line":20,"column":4},"end":{"line":23,"column":null}},"type":"if","locations":[{"start":{"line":20,"column":4},"end":{"line":23,"column":null}},{"start":{},"end":{}}]},"2":{"loc":{"start":{"line":21,"column":6},"end":{"line":21,"column":null}},"type":"if","locations":[{"start":{"line":21,"column":6},"end":{"line":21,"column":null}},{"start":{},"end":{}}]},"3":{"loc":{"start":{"line":31,"column":17},"end":{"line":31,"column":null}},"type":"binary-expr","locations":[{"start":{"line":31,"column":17},"end":{"line":31,"column":32}},{"start":{"line":31,"column":36},"end":{"line":31,"column":null}}]},"4":{"loc":{"start":{"line":38,"column":4},"end":{"line":38,"column":null}},"type":"if","locations":[{"start":{"line":38,"column":4},"end":{"line":38,"column":null}},{"start":{},"end":{}}]},"5":{"loc":{"start":{"line":46,"column":4},"end":{"line":49,"column":null}},"type":"if","locations":[{"start":{"line":46,"column":4},"end":{"line":49,"column":null}},{"start":{},"end":{}}]},"6":{"loc":{"start":{"line":47,"column":6},"end":{"line":47,"column":null}},"type":"if","locations":[{"start":{"line":47,"column":6},"end":{"line":47,"column":null}},{"start":{},"end":{}}]},"7":{"loc":{"start":{"line":58,"column":19},"end":{"line":58,"column":null}},"type":"binary-expr","locations":[{"start":{"line":58,"column":19},"end":{"line":58,"column":36}},{"start":{"line":58,"column":40},"end":{"line":58,"column":null}}]},"8":{"loc":{"start":{"line":70,"column":4},"end":{"line":73,"column":null}},"type":"if","locations":[{"start":{"line":70,"column":4},"end":{"line":73,"column":null}},{"start":{},"end":{}}]},"9":{"loc":{"start":{"line":71,"column":6},"end":{"line":71,"column":null}},"type":"if","locations":[{"start":{"line":71,"column":6},"end":{"line":71,"column":null}},{"start":{},"end":{}}]},"10":{"loc":{"start":{"line":80,"column":4},"end":{"line":80,"column":null}},"type":"if","locations":[{"start":{"line":80,"column":4},"end":{"line":80,"column":null}},{"start":{},"end":{}}]},"11":{"loc":{"start":{"line":93,"column":4},"end":{"line":96,"column":null}},"type":"if","locations":[{"start":{"line":93,"column":4},"end":{"line":96,"column":null}},{"start":{},"end":{}}]},"12":{"loc":{"start":{"line":94,"column":6},"end":{"line":94,"column":null}},"type":"if","locations":[{"start":{"line":94,"column":6},"end":{"line":94,"column":null}},{"start":{},"end":{}}]},"13":{"loc":{"start":{"line":112,"column":4},"end":{"line":114,"column":null}},"type":"if","locations":[{"start":{"line":112,"column":4},"end":{"line":114,"column":null}},{"start":{},"end":{}}]},"14":{"loc":{"start":{"line":112,"column":8},"end":{"line":112,"column":39}},"type":"binary-expr","locations":[{"start":{"line":112,"column":8},"end":{"line":112,"column":17}},{"start":{"line":112,"column":17},"end":{"line":112,"column":39}}]}},"s":{"0":0,"1":0,"2":0,"3":0,"4":0,"5":0,"6":0,"7":0,"8":0,"9":0,"10":0,"11":0,"12":0,"13":0,"14":0,"15":0,"16":0,"17":0,"18":0,"19":0,"20":0,"21":0,"22":0,"23":0,"24":0,"25":0,"26":0,"27":0,"28":0,"29":0,"30":0,"31":0,"32":0,"33":0,"34":0,"35":0,"36":0,"37":0,"38":0,"39":0,"40":0},"f":{"0":0,"1":0,"2":0,"3":0,"4":0,"5":0},"b":{"0":[0,0],"1":[0,0],"2":[0,0],"3":[0,0],"4":[0,0],"5":[0,0],"6":[0,0],"7":[0,0],"8":[0,0],"9":[0,0],"10":[0,0],"11":[0,0],"12":[0,0],"13":[0,0],"14":[0,0]}}
}
